Using pre-set license
Built from '2020.3/staging' branch; Version is '2020.3.9f1 (108be757e447) revision 1084391'; Using compiler version '192528614'; Build Type 'Release'
OS: 'Windows 10 Home Single Language; OS build 19042.985; Version 2009; 64bit' Language: 'ru' Physical Memory: 16250 MB
BatchMode: 1, IsHumanControllingUs: 0, StartBugReporterOnCrash: 0, Is64bit: 1, IsPro: 0

 COMMAND LINE ARGUMENTS:
D:\Program Files\Unity Hub\edit\2020.3.8f1\Editor\Unity.exe
-adb2
-batchMode
-noUpm
-name
AssetImportWorker0
-projectPath
D:/Program Files/Unity Hub/edit/CodeTest
-logFile
Logs/AssetImportWorker0.log
-srvPort
54982
Successfully changed project path to: D:/Program Files/Unity Hub/edit/CodeTest
D:/Program Files/Unity Hub/edit/CodeTest
Using Asset Import Pipeline V2.
Refreshing native plugins compatible for Editor in 24.96 ms, found 0 plugins.
Preloading 0 native plugins for Editor in 0.00 ms.
Initialize engine version: 2020.3.9f1 (108be757e447)
[Subsystems] Discovering subsystems at path D:/Program Files/Unity Hub/edit/2020.3.8f1/Editor/Data/Resources/UnitySubsystems
[Subsystems] Discovering subsystems at path D:/Program Files/Unity Hub/edit/CodeTest/Assets
GfxDevice: creating device client; threaded=0
Direct3D:
    Version:  Direct3D 11.0 [level 11.1]
    Renderer: NVIDIA GeForce GTX 1050 Ti (ID=0x1c8c)
    Vendor:   
    VRAM:     4018 MB
    Driver:   27.21.14.6627
Initialize mono
Mono path[0] = 'D:/Program Files/Unity Hub/edit/2020.3.8f1/Editor/Data/Managed'
Mono path[1] = 'D:/Program Files/Unity Hub/edit/2020.3.8f1/Editor/Data/MonoBleedingEdge/lib/mono/unityjit'
Mono config path = 'D:/Program Files/Unity Hub/edit/2020.3.8f1/Editor/Data/MonoBleedingEdge/etc'
Using monoOptions --debugger-agent=transport=dt_socket,embedding=1,server=y,suspend=n,address=127.0.0.1:56792
Begin MonoManager ReloadAssembly
Registering precompiled unity dll's ...
Register platform support module: D:/Program Files/Unity Hub/edit/2020.3.8f1/Editor/Data/PlaybackEngines/WindowsStandaloneSupport/UnityEditor.WindowsStandalone.Extensions.dll
Registered in 0.001184 seconds.
Native extension for WindowsStandalone target not found
Refreshing native plugins compatible for Editor in 26.35 ms, found 0 plugins.
Preloading 0 native plugins for Editor in 0.00 ms.
Mono: successfully reloaded assembly
- Completed reload, in  1.066 seconds
Platform modules already initialized, skipping
Registering precompiled user dll's ...
Registered in 0.000521 seconds.
Begin MonoManager ReloadAssembly
Native extension for WindowsStandalone target not found
Refreshing native plugins compatible for Editor in 0.19 ms, found 0 plugins.
Preloading 0 native plugins for Editor in 0.00 ms.
Mono: successfully reloaded assembly
- Completed reload, in  0.851 seconds
Platform modules already initialized, skipping
========================================================================
Worker process is ready to serve import requests
Launched and connected shader compiler UnityShaderCompiler.exe after 0.05 seconds
Refreshing native plugins compatible for Editor in 0.19 ms, found 0 plugins.
Preloading 0 native plugins for Editor in 0.00 ms.
Unloading 1115 Unused Serialized files (Serialized files now loaded: 0)
System memory in use before: 57.1 MB.
System memory in use after: 57.1 MB.

Unloading 10 unused Assets to reduce memory usage. Loaded Objects now: 1557.
Total: 2.297400 ms (FindLiveObjects: 0.137700 ms CreateObjectMapping: 0.031900 ms MarkObjects: 2.004600 ms  DeleteObjects: 0.121900 ms)

========================================================================
Received Import Request.
  path: Assets
  artifactKey: Guid(00000000000000001000000000000000) Importer(815301076,1909f56bfc062723c751e8b465ee728b)
Start importing Assets using Guid(00000000000000001000000000000000) Importer(815301076,1909f56bfc062723c751e8b465ee728b)  -> (artifact id: '42d402b061de3733987d63b9cc3b64de') in 0.018726 seconds
  Import took 0.021252 seconds .

========================================================================
Received Import Request.
  Time since last request: 0.000380 seconds.
  path: Assets/Scenes
  artifactKey: Guid(05a416b3602541f478e2b34fa63c6ac7) Importer(815301076,1909f56bfc062723c751e8b465ee728b)
Start importing Assets/Scenes using Guid(05a416b3602541f478e2b34fa63c6ac7) Importer(815301076,1909f56bfc062723c751e8b465ee728b)  -> (artifact id: '33e180e809ae982d3206033a91c75c56') in 0.008797 seconds
  Import took 0.010641 seconds .

========================================================================
Received Import Request.
  Time since last request: 3.351773 seconds.
  path: Assets/Scenes/NewBehaviourScript.cs
  artifactKey: Guid(07fc7ce0c8f384346b6e1f2c9058f3f4) Importer(815301076,1909f56bfc062723c751e8b465ee728b)
Start importing Assets/Scenes/NewBehaviourScript.cs using Guid(07fc7ce0c8f384346b6e1f2c9058f3f4) Importer(815301076,1909f56bfc062723c751e8b465ee728b)  -> (artifact id: '7ae7626b6f14f88bbf53a2d4dd2b75f1') in 0.047849 seconds
  Import took 0.049793 seconds .

========================================================================
Received Prepare
Registering precompiled user dll's ...
Registered in 0.000726 seconds.
Begin MonoManager ReloadAssembly
Native extension for WindowsStandalone target not found
Refreshing native plugins compatible for Editor in 0.36 ms, found 0 plugins.
Preloading 0 native plugins for Editor in 0.00 ms.
Mono: successfully reloaded assembly
- Completed reload, in  0.817 seconds
Platform modules already initialized, skipping
Refreshing native plugins compatible for Editor in 0.21 ms, found 0 plugins.
Preloading 0 native plugins for Editor in 0.00 ms.
Unloading 1111 Unused Serialized files (Serialized files now loaded: 0)
System memory in use before: 57.0 MB.
System memory in use after: 57.1 MB.

Unloading 5 unused Assets to reduce memory usage. Loaded Objects now: 1561.
Total: 1.782600 ms (FindLiveObjects: 0.108300 ms CreateObjectMapping: 0.028800 ms MarkObjects: 1.560700 ms  DeleteObjects: 0.083900 ms)

========================================================================
Received Import Request.
  Time since last request: 48.471282 seconds.
  path: Assets/Scenes/Sample.cs
  artifactKey: Guid(07fc7ce0c8f384346b6e1f2c9058f3f4) Importer(815301076,1909f56bfc062723c751e8b465ee728b)
Start importing Assets/Scenes/Sample.cs using Guid(07fc7ce0c8f384346b6e1f2c9058f3f4) Importer(815301076,1909f56bfc062723c751e8b465ee728b)  -> (artifact id: 'a850d91750faf87559f2561ee848c99e') in 0.021777 seconds
  Import took 0.025094 seconds .

========================================================================
Received Prepare
Registering precompiled user dll's ...
Registered in 0.000726 seconds.
Begin MonoManager ReloadAssembly
Native extension for WindowsStandalone target not found
Refreshing native plugins compatible for Editor in 0.25 ms, found 0 plugins.
Preloading 0 native plugins for Editor in 0.00 ms.
Mono: successfully reloaded assembly
- Completed reload, in  0.906 seconds
Platform modules already initialized, skipping
Refreshing native plugins compatible for Editor in 0.28 ms, found 0 plugins.
Preloading 0 native plugins for Editor in 0.00 ms.
Unloading 1111 Unused Serialized files (Serialized files now loaded: 0)
System memory in use before: 57.0 MB.
System memory in use after: 57.1 MB.

Unloading 5 unused Assets to reduce memory usage. Loaded Objects now: 1564.
Total: 2.371300 ms (FindLiveObjects: 0.118900 ms CreateObjectMapping: 0.030600 ms MarkObjects: 2.167200 ms  DeleteObjects: 0.053300 ms)

========================================================================
Received Import Request.
  Time since last request: 156.739772 seconds.
  path: Assets/Scenes/Sample.cs
  artifactKey: Guid(07fc7ce0c8f384346b6e1f2c9058f3f4) Importer(815301076,1909f56bfc062723c751e8b465ee728b)
Start importing Assets/Scenes/Sample.cs using Guid(07fc7ce0c8f384346b6e1f2c9058f3f4) Importer(815301076,1909f56bfc062723c751e8b465ee728b)  -> (artifact id: '1ea6d0d527093fefb727dd3e93243456') in 0.009356 seconds
  Import took 0.012212 seconds .

========================================================================
Received Import Request.
  Time since last request: 30.401681 seconds.
  path: Assets/Scenes/Sample.cs
  artifactKey: Guid(07fc7ce0c8f384346b6e1f2c9058f3f4) Importer(815301076,1909f56bfc062723c751e8b465ee728b)
Start importing Assets/Scenes/Sample.cs using Guid(07fc7ce0c8f384346b6e1f2c9058f3f4) Importer(815301076,1909f56bfc062723c751e8b465ee728b)  -> (artifact id: 'd678a8c051c6041e5fae9333964a98d8') in 0.002705 seconds
  Import took 0.005570 seconds .

========================================================================
Received Import Request.
  Time since last request: 104.392456 seconds.
  path: Assets/Scenes/Sample.cs
  artifactKey: Guid(07fc7ce0c8f384346b6e1f2c9058f3f4) Importer(815301076,1909f56bfc062723c751e8b465ee728b)
Start importing Assets/Scenes/Sample.cs using Guid(07fc7ce0c8f384346b6e1f2c9058f3f4) Importer(815301076,1909f56bfc062723c751e8b465ee728b)  -> (artifact id: '0f785aa425e1de23791072e0ef2d44ab') in 0.002268 seconds
  Import took 0.005216 seconds .

========================================================================
Received Prepare
Registering precompiled user dll's ...
Registered in 0.000852 seconds.
Begin MonoManager ReloadAssembly
Native extension for WindowsStandalone target not found
Refreshing native plugins compatible for Editor in 0.20 ms, found 0 plugins.
Preloading 0 native plugins for Editor in 0.00 ms.
Mono: successfully reloaded assembly
- Completed reload, in  0.844 seconds
Platform modules already initialized, skipping
Refreshing native plugins compatible for Editor in 0.24 ms, found 0 plugins.
Preloading 0 native plugins for Editor in 0.00 ms.
Unloading 1111 Unused Serialized files (Serialized files now loaded: 0)
System memory in use before: 57.0 MB.
System memory in use after: 57.1 MB.

Unloading 5 unused Assets to reduce memory usage. Loaded Objects now: 1567.
Total: 1.902500 ms (FindLiveObjects: 0.135800 ms CreateObjectMapping: 0.054900 ms MarkObjects: 1.626500 ms  DeleteObjects: 0.084300 ms)

========================================================================
Received Import Request.
  Time since last request: 60.251623 seconds.
  path: Assets/Scenes/Sample.cs
  artifactKey: Guid(07fc7ce0c8f384346b6e1f2c9058f3f4) Importer(815301076,1909f56bfc062723c751e8b465ee728b)
Start importing Assets/Scenes/Sample.cs using Guid(07fc7ce0c8f384346b6e1f2c9058f3f4) Importer(815301076,1909f56bfc062723c751e8b465ee728b)  -> (artifact id: 'a9ca2eff6aba991ffde6cec71db28460') in 0.003702 seconds
  Import took 0.005638 seconds .

========================================================================
Received Prepare
Registering precompiled user dll's ...
Registered in 0.000639 seconds.
Begin MonoManager ReloadAssembly
Native extension for WindowsStandalone target not found
Refreshing native plugins compatible for Editor in 0.60 ms, found 0 plugins.
Preloading 0 native plugins for Editor in 0.00 ms.
Mono: successfully reloaded assembly
- Completed reload, in  0.900 seconds
Platform modules already initialized, skipping
Refreshing native plugins compatible for Editor in 0.42 ms, found 0 plugins.
Preloading 0 native plugins for Editor in 0.00 ms.
Unloading 1111 Unused Serialized files (Serialized files now loaded: 0)
System memory in use before: 57.1 MB.
System memory in use after: 57.1 MB.

Unloading 5 unused Assets to reduce memory usage. Loaded Objects now: 1570.
Total: 2.132900 ms (FindLiveObjects: 0.132400 ms CreateObjectMapping: 0.031600 ms MarkObjects: 1.885400 ms  DeleteObjects: 0.082500 ms)

========================================================================
Received Prepare
Registering precompiled user dll's ...
Registered in 0.000553 seconds.
Begin MonoManager ReloadAssembly
Native extension for WindowsStandalone target not found
Refreshing native plugins compatible for Editor in 0.32 ms, found 0 plugins.
Preloading 0 native plugins for Editor in 0.00 ms.
Mono: successfully reloaded assembly
- Completed reload, in  0.837 seconds
Platform modules already initialized, skipping
Refreshing native plugins compatible for Editor in 0.28 ms, found 0 plugins.
Preloading 0 native plugins for Editor in 0.00 ms.
Unloading 1111 Unused Serialized files (Serialized files now loaded: 0)
System memory in use before: 57.1 MB.
System memory in use after: 57.1 MB.

Unloading 5 unused Assets to reduce memory usage. Loaded Objects now: 1573.
Total: 1.885900 ms (FindLiveObjects: 0.129900 ms CreateObjectMapping: 0.031600 ms MarkObjects: 1.680100 ms  DeleteObjects: 0.043400 ms)

========================================================================
Received Prepare
Registering precompiled user dll's ...
Registered in 0.001223 seconds.
Begin MonoManager ReloadAssembly
Native extension for WindowsStandalone target not found
Refreshing native plugins compatible for Editor in 0.38 ms, found 0 plugins.
Preloading 0 native plugins for Editor in 0.00 ms.
Mono: successfully reloaded assembly
- Completed reload, in  0.945 seconds
Platform modules already initialized, skipping
Refreshing native plugins compatible for Editor in 0.28 ms, found 0 plugins.
Preloading 0 native plugins for Editor in 0.00 ms.
Unloading 1111 Unused Serialized files (Serialized files now loaded: 0)
System memory in use before: 57.1 MB.
System memory in use after: 57.1 MB.

Unloading 5 unused Assets to reduce memory usage. Loaded Objects now: 1576.
Total: 1.937000 ms (FindLiveObjects: 0.149100 ms CreateObjectMapping: 0.035900 ms MarkObjects: 1.654300 ms  DeleteObjects: 0.096500 ms)

========================================================================
Received Import Request.
  Time since last request: 606.298038 seconds.
  path: Assets/Scenes/Sample.cs
  artifactKey: Guid(07fc7ce0c8f384346b6e1f2c9058f3f4) Importer(815301076,1909f56bfc062723c751e8b465ee728b)
Start importing Assets/Scenes/Sample.cs using Guid(07fc7ce0c8f384346b6e1f2c9058f3f4) Importer(815301076,1909f56bfc062723c751e8b465ee728b)  -> (artifact id: '31a3298152a5b4cce85ac579458e983c') in 0.005105 seconds
  Import took 0.008021 seconds .

========================================================================
Received Import Request.
  Time since last request: 1.458270 seconds.
  path: Assets/Scenes/Sample.cs
  artifactKey: Guid(07fc7ce0c8f384346b6e1f2c9058f3f4) Importer(815301076,1909f56bfc062723c751e8b465ee728b)
Start importing Assets/Scenes/Sample.cs using Guid(07fc7ce0c8f384346b6e1f2c9058f3f4) Importer(815301076,1909f56bfc062723c751e8b465ee728b)  -> (artifact id: '31a3298152a5b4cce85ac579458e983c') in 0.002385 seconds
  Import took 0.004745 seconds .

========================================================================
Received Prepare
Registering precompiled user dll's ...
Registered in 0.001095 seconds.
Begin MonoManager ReloadAssembly
Native extension for WindowsStandalone target not found
Refreshing native plugins compatible for Editor in 0.32 ms, found 0 plugins.
Preloading 0 native plugins for Editor in 0.00 ms.
Mono: successfully reloaded assembly
- Completed reload, in  1.355 seconds
Platform modules already initialized, skipping
Refreshing native plugins compatible for Editor in 0.25 ms, found 0 plugins.
Preloading 0 native plugins for Editor in 0.00 ms.
Unloading 1111 Unused Serialized files (Serialized files now loaded: 0)
System memory in use before: 57.1 MB.
System memory in use after: 57.2 MB.

Unloading 5 unused Assets to reduce memory usage. Loaded Objects now: 1579.
Total: 2.685100 ms (FindLiveObjects: 0.224300 ms CreateObjectMapping: 0.044500 ms MarkObjects: 2.360800 ms  DeleteObjects: 0.054100 ms)

========================================================================
Received Prepare
Registering precompiled user dll's ...
Registered in 0.000609 seconds.
Begin MonoManager ReloadAssembly
Native extension for WindowsStandalone target not found
Refreshing native plugins compatible for Editor in 0.19 ms, found 0 plugins.
Preloading 0 native plugins for Editor in 0.00 ms.
Mono: successfully reloaded assembly
- Completed reload, in  0.874 seconds
Platform modules already initialized, skipping
Refreshing native plugins compatible for Editor in 0.24 ms, found 0 plugins.
Preloading 0 native plugins for Editor in 0.00 ms.
Unloading 1111 Unused Serialized files (Serialized files now loaded: 0)
System memory in use before: 57.1 MB.
System memory in use after: 57.2 MB.

Unloading 5 unused Assets to reduce memory usage. Loaded Objects now: 1582.
Total: 1.863200 ms (FindLiveObjects: 0.126300 ms CreateObjectMapping: 0.036900 ms MarkObjects: 1.626800 ms  DeleteObjects: 0.072400 ms)

========================================================================
Received Import Request.
  Time since last request: 37.984296 seconds.
  path: Assets/Scenes/Sample.cs
  artifactKey: Guid(07fc7ce0c8f384346b6e1f2c9058f3f4) Importer(815301076,1909f56bfc062723c751e8b465ee728b)
Start importing Assets/Scenes/Sample.cs using Guid(07fc7ce0c8f384346b6e1f2c9058f3f4) Importer(815301076,1909f56bfc062723c751e8b465ee728b)  -> (artifact id: 'eb87117949abdffe8591fcda0afa0071') in 0.004562 seconds
  Import took 0.006956 seconds .

========================================================================
Received Prepare
Registering precompiled user dll's ...
Registered in 0.001126 seconds.
Begin MonoManager ReloadAssembly
Native extension for WindowsStandalone target not found
Refreshing native plugins compatible for Editor in 0.44 ms, found 0 plugins.
Preloading 0 native plugins for Editor in 0.00 ms.
Mono: successfully reloaded assembly
- Completed reload, in  1.395 seconds
Platform modules already initialized, skipping
Refreshing native plugins compatible for Editor in 0.59 ms, found 0 plugins.
Preloading 0 native plugins for Editor in 0.00 ms.
Unloading 1111 Unused Serialized files (Serialized files now loaded: 0)
System memory in use before: 57.1 MB.
System memory in use after: 57.2 MB.

Unloading 5 unused Assets to reduce memory usage. Loaded Objects now: 1585.
Total: 2.459000 ms (FindLiveObjects: 0.262000 ms CreateObjectMapping: 0.069000 ms MarkObjects: 2.054300 ms  DeleteObjects: 0.072000 ms)

========================================================================
Received Import Request.
  Time since last request: 1008.879412 seconds.
  path: Assets/Scenes/ButtonScript.cs
  artifactKey: Guid(29da597e46b60fe459d2ca9efc90b47b) Importer(815301076,1909f56bfc062723c751e8b465ee728b)
Start importing Assets/Scenes/ButtonScript.cs using Guid(29da597e46b60fe459d2ca9efc90b47b) Importer(815301076,1909f56bfc062723c751e8b465ee728b)  -> (artifact id: '0130978b9668272cc800c323887e586d') in 0.014384 seconds
  Import took 0.017843 seconds .

========================================================================
Received Prepare
Registering precompiled user dll's ...
Registered in 0.000623 seconds.
Begin MonoManager ReloadAssembly
Native extension for WindowsStandalone target not found
Refreshing native plugins compatible for Editor in 0.24 ms, found 0 plugins.
Preloading 0 native plugins for Editor in 0.00 ms.
Mono: successfully reloaded assembly
- Completed reload, in  0.860 seconds
Platform modules already initialized, skipping
Refreshing native plugins compatible for Editor in 0.22 ms, found 0 plugins.
Preloading 0 native plugins for Editor in 0.00 ms.
Unloading 1112 Unused Serialized files (Serialized files now loaded: 0)
System memory in use before: 57.1 MB.
System memory in use after: 57.2 MB.

Unloading 5 unused Assets to reduce memory usage. Loaded Objects now: 1589.
Total: 2.859300 ms (FindLiveObjects: 0.143600 ms CreateObjectMapping: 0.031000 ms MarkObjects: 2.569800 ms  DeleteObjects: 0.113600 ms)

========================================================================
Received Import Request.
  Time since last request: 131.963661 seconds.
  path: Assets/Scenes/ButtonScript.cs
  artifactKey: Guid(29da597e46b60fe459d2ca9efc90b47b) Importer(815301076,1909f56bfc062723c751e8b465ee728b)
Start importing Assets/Scenes/ButtonScript.cs using Guid(29da597e46b60fe459d2ca9efc90b47b) Importer(815301076,1909f56bfc062723c751e8b465ee728b)  -> (artifact id: '80f39ddff6ae31c9a784832e1d0ba849') in 0.012005 seconds
  Import took 0.017585 seconds .

========================================================================
Received Prepare
Registering precompiled user dll's ...
Registered in 0.000529 seconds.
Begin MonoManager ReloadAssembly
Native extension for WindowsStandalone target not found
Refreshing native plugins compatible for Editor in 0.20 ms, found 0 plugins.
Preloading 0 native plugins for Editor in 0.00 ms.
Mono: successfully reloaded assembly
- Completed reload, in  0.888 seconds
Platform modules already initialized, skipping
Refreshing native plugins compatible for Editor in 0.30 ms, found 0 plugins.
Preloading 0 native plugins for Editor in 0.00 ms.
Unloading 1112 Unused Serialized files (Serialized files now loaded: 0)
System memory in use before: 57.1 MB.
System memory in use after: 57.2 MB.

Unloading 5 unused Assets to reduce memory usage. Loaded Objects now: 1592.
Total: 2.472700 ms (FindLiveObjects: 0.152600 ms CreateObjectMapping: 0.072100 ms MarkObjects: 2.170500 ms  DeleteObjects: 0.075700 ms)

========================================================================
Received Prepare
Registering precompiled user dll's ...
Registered in 0.000577 seconds.
Begin MonoManager ReloadAssembly
Native extension for WindowsStandalone target not found
Refreshing native plugins compatible for Editor in 0.27 ms, found 0 plugins.
Preloading 0 native plugins for Editor in 0.00 ms.
Mono: successfully reloaded assembly
- Completed reload, in  0.766 seconds
Platform modules already initialized, skipping
Refreshing native plugins compatible for Editor in 0.20 ms, found 0 plugins.
Preloading 0 native plugins for Editor in 0.00 ms.
Unloading 1112 Unused Serialized files (Serialized files now loaded: 0)
System memory in use before: 57.1 MB.
System memory in use after: 57.2 MB.

Unloading 5 unused Assets to reduce memory usage. Loaded Objects now: 1595.
Total: 1.550100 ms (FindLiveObjects: 0.112800 ms CreateObjectMapping: 0.030200 ms MarkObjects: 1.316200 ms  DeleteObjects: 0.090100 ms)

AssetImportWorkerClient::OnTransportError - code=2 error=End of file
