Using pre-set license
Built from '2020.3/staging' branch; Version is '2020.3.9f1 (108be757e447) revision 1084391'; Using compiler version '192528614'; Build Type 'Release'
OS: 'Windows 10 Home Single Language; OS build 19042.1237; Version 2009; 64bit' Language: 'ru' Physical Memory: 16250 MB
BatchMode: 1, IsHumanControllingUs: 0, StartBugReporterOnCrash: 0, Is64bit: 1, IsPro: 0

 COMMAND LINE ARGUMENTS:
D:\Program Files\Unity Hub\edit\2020.3.8f1\Editor\Unity.exe
-adb2
-batchMode
-noUpm
-name
AssetImportWorker0
-projectPath
D:/Program Files/Unity Hub/edit/CodeTest
-logFile
Logs/AssetImportWorker0.log
-srvPort
52941
Successfully changed project path to: D:/Program Files/Unity Hub/edit/CodeTest
D:/Program Files/Unity Hub/edit/CodeTest
Using Asset Import Pipeline V2.
Refreshing native plugins compatible for Editor in 29.50 ms, found 0 plugins.
Preloading 0 native plugins for Editor in 0.00 ms.
Initialize engine version: 2020.3.9f1 (108be757e447)
[Subsystems] Discovering subsystems at path D:/Program Files/Unity Hub/edit/2020.3.8f1/Editor/Data/Resources/UnitySubsystems
[Subsystems] Discovering subsystems at path D:/Program Files/Unity Hub/edit/CodeTest/Assets
GfxDevice: creating device client; threaded=0
Direct3D:
    Version:  Direct3D 11.0 [level 11.1]
    Renderer: NVIDIA GeForce GTX 1050 Ti (ID=0x1c8c)
    Vendor:   
    VRAM:     4018 MB
    Driver:   30.0.14.7168
Initialize mono
Mono path[0] = 'D:/Program Files/Unity Hub/edit/2020.3.8f1/Editor/Data/Managed'
Mono path[1] = 'D:/Program Files/Unity Hub/edit/2020.3.8f1/Editor/Data/MonoBleedingEdge/lib/mono/unityjit'
Mono config path = 'D:/Program Files/Unity Hub/edit/2020.3.8f1/Editor/Data/MonoBleedingEdge/etc'
Using monoOptions --debugger-agent=transport=dt_socket,embedding=1,server=y,suspend=n,address=127.0.0.1:56328
Begin MonoManager ReloadAssembly
Registering precompiled unity dll's ...
Register platform support module: D:/Program Files/Unity Hub/edit/2020.3.8f1/Editor/Data/PlaybackEngines/WindowsStandaloneSupport/UnityEditor.WindowsStandalone.Extensions.dll
Registered in 0.001194 seconds.
Native extension for WindowsStandalone target not found
Refreshing native plugins compatible for Editor in 25.28 ms, found 0 plugins.
Preloading 0 native plugins for Editor in 0.00 ms.
Mono: successfully reloaded assembly
- Completed reload, in  1.001 seconds
Platform modules already initialized, skipping
Registering precompiled user dll's ...
Registered in 0.000566 seconds.
Begin MonoManager ReloadAssembly
Native extension for WindowsStandalone target not found
Refreshing native plugins compatible for Editor in 0.37 ms, found 0 plugins.
Preloading 0 native plugins for Editor in 0.00 ms.
Mono: successfully reloaded assembly
- Completed reload, in  0.887 seconds
Platform modules already initialized, skipping
========================================================================
Worker process is ready to serve import requests
Launched and connected shader compiler UnityShaderCompiler.exe after 0.05 seconds
Refreshing native plugins compatible for Editor in 0.24 ms, found 0 plugins.
Preloading 0 native plugins for Editor in 0.00 ms.
Unloading 1117 Unused Serialized files (Serialized files now loaded: 0)
System memory in use before: 57.2 MB.
System memory in use after: 57.2 MB.

Unloading 10 unused Assets to reduce memory usage. Loaded Objects now: 1560.
Total: 1.842800 ms (FindLiveObjects: 0.131200 ms CreateObjectMapping: 0.031600 ms MarkObjects: 1.467700 ms  DeleteObjects: 0.210900 ms)

========================================================================
Received Import Request.
  path: Assets/Scenes/SampleScene.unity
  artifactKey: Guid(9fc0d4010bbf28b4594072e72b8655ab) Importer(815301076,1909f56bfc062723c751e8b465ee728b)
Start importing Assets/Scenes/SampleScene.unity using Guid(9fc0d4010bbf28b4594072e72b8655ab) Importer(815301076,1909f56bfc062723c751e8b465ee728b)  -> (artifact id: '85059f4f9e1a832ed95adaa0d25c5c4c') in 0.017513 seconds
  Import took 0.019350 seconds .

========================================================================
Received Prepare
Registering precompiled user dll's ...
Registered in 0.000695 seconds.
Begin MonoManager ReloadAssembly
Native extension for WindowsStandalone target not found
Refreshing native plugins compatible for Editor in 0.22 ms, found 0 plugins.
Preloading 0 native plugins for Editor in 0.00 ms.
Mono: successfully reloaded assembly
- Completed reload, in  0.928 seconds
Platform modules already initialized, skipping
Refreshing native plugins compatible for Editor in 0.20 ms, found 0 plugins.
Preloading 0 native plugins for Editor in 0.00 ms.
Unloading 1112 Unused Serialized files (Serialized files now loaded: 0)
System memory in use before: 57.1 MB.
System memory in use after: 57.2 MB.

Unloading 5 unused Assets to reduce memory usage. Loaded Objects now: 1563.
Total: 2.002000 ms (FindLiveObjects: 0.193300 ms CreateObjectMapping: 0.036900 ms MarkObjects: 1.675700 ms  DeleteObjects: 0.094700 ms)

========================================================================
Received Import Request.
  Time since last request: 83.991693 seconds.
  path: Assets/PNG
  artifactKey: Guid(cdbf88a9deec55b4e9d9629a00cec59b) Importer(815301076,1909f56bfc062723c751e8b465ee728b)
Start importing Assets/PNG using Guid(cdbf88a9deec55b4e9d9629a00cec59b) Importer(815301076,1909f56bfc062723c751e8b465ee728b)  -> (artifact id: 'f51bbde73d9288a7e6f02d9e1ba6d5ff') in 0.009532 seconds
  Import took 0.011601 seconds .

========================================================================
Received Import Request.
  Time since last request: 0.005583 seconds.
  path: Assets/PNG
  artifactKey: Guid(cdbf88a9deec55b4e9d9629a00cec59b) Importer(815301076,1909f56bfc062723c751e8b465ee728b)
Start importing Assets/PNG using Guid(cdbf88a9deec55b4e9d9629a00cec59b) Importer(815301076,1909f56bfc062723c751e8b465ee728b)  -> (artifact id: 'f51bbde73d9288a7e6f02d9e1ba6d5ff') in 0.002475 seconds
  Import took 0.004831 seconds .

========================================================================
Received Import Request.
  Time since last request: 2.021214 seconds.
  path: Assets/Scenes/Memu.unity
  artifactKey: Guid(26de88bd3bf93b84e9872c950e9efbf8) Importer(815301076,1909f56bfc062723c751e8b465ee728b)
Start importing Assets/Scenes/Memu.unity using Guid(26de88bd3bf93b84e9872c950e9efbf8) Importer(815301076,1909f56bfc062723c751e8b465ee728b)  -> (artifact id: 'a9752ef9685bdf38784e52c64eae30c2') in 0.018224 seconds
  Import took 0.020258 seconds .

========================================================================
Received Prepare
Registering precompiled user dll's ...
Registered in 0.000540 seconds.
Begin MonoManager ReloadAssembly
Native extension for WindowsStandalone target not found
Refreshing native plugins compatible for Editor in 0.21 ms, found 0 plugins.
Preloading 0 native plugins for Editor in 0.00 ms.
Mono: successfully reloaded assembly
- Completed reload, in  0.827 seconds
Platform modules already initialized, skipping
Refreshing native plugins compatible for Editor in 0.20 ms, found 0 plugins.
Preloading 0 native plugins for Editor in 0.00 ms.
Unloading 1112 Unused Serialized files (Serialized files now loaded: 0)
System memory in use before: 57.2 MB.
System memory in use after: 57.3 MB.

Unloading 5 unused Assets to reduce memory usage. Loaded Objects now: 1566.
Total: 1.747100 ms (FindLiveObjects: 0.108100 ms CreateObjectMapping: 0.029900 ms MarkObjects: 1.520300 ms  DeleteObjects: 0.087900 ms)

AssetImportWorkerClient::OnTransportError - code=2 error=End of file
