Using pre-set license
Built from '2020.3/staging' branch; Version is '2020.3.9f1 (108be757e447) revision 1084391'; Using compiler version '192528614'; Build Type 'Release'
OS: 'Windows 10 Home Single Language; OS build 19042.985; Version 2009; 64bit' Language: 'ru' Physical Memory: 16250 MB
BatchMode: 1, IsHumanControllingUs: 0, StartBugReporterOnCrash: 0, Is64bit: 1, IsPro: 0

 COMMAND LINE ARGUMENTS:
D:\Program Files\Unity Hub\edit\2020.3.8f1\Editor\Unity.exe
-adb2
-batchMode
-noUpm
-name
AssetImportWorker0
-projectPath
D:/Program Files/Unity Hub/edit/Save the village
-logFile
Logs/AssetImportWorker0.log
-srvPort
63898
Successfully changed project path to: D:/Program Files/Unity Hub/edit/Save the village
D:/Program Files/Unity Hub/edit/Save the village
Using Asset Import Pipeline V2.
Refreshing native plugins compatible for Editor in 26.27 ms, found 0 plugins.
Preloading 0 native plugins for Editor in 0.00 ms.
Initialize engine version: 2020.3.9f1 (108be757e447)
[Subsystems] Discovering subsystems at path D:/Program Files/Unity Hub/edit/2020.3.8f1/Editor/Data/Resources/UnitySubsystems
[Subsystems] Discovering subsystems at path D:/Program Files/Unity Hub/edit/Save the village/Assets
GfxDevice: creating device client; threaded=0
Direct3D:
    Version:  Direct3D 11.0 [level 11.1]
    Renderer: NVIDIA GeForce GTX 1050 Ti (ID=0x1c8c)
    Vendor:   
    VRAM:     4018 MB
    Driver:   27.21.14.6663
Initialize mono
Mono path[0] = 'D:/Program Files/Unity Hub/edit/2020.3.8f1/Editor/Data/Managed'
Mono path[1] = 'D:/Program Files/Unity Hub/edit/2020.3.8f1/Editor/Data/MonoBleedingEdge/lib/mono/unityjit'
Mono config path = 'D:/Program Files/Unity Hub/edit/2020.3.8f1/Editor/Data/MonoBleedingEdge/etc'
Using monoOptions --debugger-agent=transport=dt_socket,embedding=1,server=y,suspend=n,address=127.0.0.1:56972
Begin MonoManager ReloadAssembly
Registering precompiled unity dll's ...
Register platform support module: D:/Program Files/Unity Hub/edit/2020.3.8f1/Editor/Data/PlaybackEngines/WindowsStandaloneSupport/UnityEditor.WindowsStandalone.Extensions.dll
Registered in 0.001610 seconds.
Native extension for WindowsStandalone target not found
Refreshing native plugins compatible for Editor in 34.34 ms, found 0 plugins.
Preloading 0 native plugins for Editor in 0.00 ms.
Mono: successfully reloaded assembly
- Completed reload, in  1.111 seconds
Platform modules already initialized, skipping
Registering precompiled user dll's ...
Registered in 0.000658 seconds.
Begin MonoManager ReloadAssembly
Native extension for WindowsStandalone target not found
Refreshing native plugins compatible for Editor in 0.20 ms, found 0 plugins.
Preloading 0 native plugins for Editor in 0.00 ms.
Mono: successfully reloaded assembly
- Completed reload, in  0.899 seconds
Platform modules already initialized, skipping
========================================================================
Worker process is ready to serve import requests
Launched and connected shader compiler UnityShaderCompiler.exe after 0.06 seconds
Refreshing native plugins compatible for Editor in 0.21 ms, found 0 plugins.
Preloading 0 native plugins for Editor in 0.00 ms.
Unloading 1123 Unused Serialized files (Serialized files now loaded: 0)
System memory in use before: 57.3 MB.
System memory in use after: 57.4 MB.

Unloading 10 unused Assets to reduce memory usage. Loaded Objects now: 1566.
Total: 1.788700 ms (FindLiveObjects: 0.156400 ms CreateObjectMapping: 0.035000 ms MarkObjects: 1.481500 ms  DeleteObjects: 0.115100 ms)

========================================================================
Received Import Request.
  path: Assets/Scripts/GoldCycle.cs
  artifactKey: Guid(6c74dd1c86efcc24d9c9eff1dd69cfa2) Importer(815301076,1909f56bfc062723c751e8b465ee728b)
Start importing Assets/Scripts/GoldCycle.cs using Guid(6c74dd1c86efcc24d9c9eff1dd69cfa2) Importer(815301076,1909f56bfc062723c751e8b465ee728b)  -> (artifact id: 'd14004ee401ca1299ce7cd396718a3f7') in 0.045030 seconds
  Import took 0.047122 seconds .

========================================================================
Received Prepare
Registering precompiled user dll's ...
Registered in 0.000616 seconds.
Begin MonoManager ReloadAssembly
Native extension for WindowsStandalone target not found
Refreshing native plugins compatible for Editor in 0.21 ms, found 0 plugins.
Preloading 0 native plugins for Editor in 0.00 ms.
Mono: successfully reloaded assembly
- Completed reload, in  0.804 seconds
Platform modules already initialized, skipping
Refreshing native plugins compatible for Editor in 0.30 ms, found 0 plugins.
Preloading 0 native plugins for Editor in 0.00 ms.
Unloading 1118 Unused Serialized files (Serialized files now loaded: 0)
System memory in use before: 57.3 MB.
System memory in use after: 57.4 MB.

Unloading 5 unused Assets to reduce memory usage. Loaded Objects now: 1569.
Total: 1.823600 ms (FindLiveObjects: 0.154400 ms CreateObjectMapping: 0.039300 ms MarkObjects: 1.541100 ms  DeleteObjects: 0.087700 ms)

========================================================================
Received Import Request.
  Time since last request: 168.387174 seconds.
  path: Assets/Scripts/RecruitingSctipt.cs
  artifactKey: Guid(828036fe5956aec4f90bfc5b4692165c) Importer(815301076,1909f56bfc062723c751e8b465ee728b)
Start importing Assets/Scripts/RecruitingSctipt.cs using Guid(828036fe5956aec4f90bfc5b4692165c) Importer(815301076,1909f56bfc062723c751e8b465ee728b)  -> (artifact id: '9e97352d2639221e4fbfcfafa2eeac95') in 0.019272 seconds
  Import took 0.022079 seconds .

========================================================================
Received Import Request.
  Time since last request: 0.009898 seconds.
  path: Assets/Scripts/RecruitingSctipt.cs
  artifactKey: Guid(828036fe5956aec4f90bfc5b4692165c) Importer(815301076,1909f56bfc062723c751e8b465ee728b)
Start importing Assets/Scripts/RecruitingSctipt.cs using Guid(828036fe5956aec4f90bfc5b4692165c) Importer(815301076,1909f56bfc062723c751e8b465ee728b)  -> (artifact id: '9e97352d2639221e4fbfcfafa2eeac95') in 0.003595 seconds
  Import took 0.006269 seconds .

========================================================================
Received Import Request.
  Time since last request: 14.342971 seconds.
  path: Assets/Scripts/RecruitingSctipt.cs
  artifactKey: Guid(828036fe5956aec4f90bfc5b4692165c) Importer(815301076,1909f56bfc062723c751e8b465ee728b)
Start importing Assets/Scripts/RecruitingSctipt.cs using Guid(828036fe5956aec4f90bfc5b4692165c) Importer(815301076,1909f56bfc062723c751e8b465ee728b)  -> (artifact id: 'ba5320aaea8e7f54696717953f626283') in 0.002936 seconds
  Import took 0.034098 seconds .

========================================================================
Received Import Request.
  Time since last request: 23.951879 seconds.
  path: Assets/Scripts/TownGradeScript.cs
  artifactKey: Guid(d2b14683754793343afeba28523e1bc3) Importer(815301076,1909f56bfc062723c751e8b465ee728b)
Start importing Assets/Scripts/TownGradeScript.cs using Guid(d2b14683754793343afeba28523e1bc3) Importer(815301076,1909f56bfc062723c751e8b465ee728b)  -> (artifact id: 'bf28b7023170f0e2d4f42b7f5d976410') in 0.027440 seconds
  Import took 0.029502 seconds .

========================================================================
Received Import Request.
  Time since last request: 13.095090 seconds.
  path: Assets/Scripts/TownGradeScript.cs
  artifactKey: Guid(d2b14683754793343afeba28523e1bc3) Importer(815301076,1909f56bfc062723c751e8b465ee728b)
Start importing Assets/Scripts/TownGradeScript.cs using Guid(d2b14683754793343afeba28523e1bc3) Importer(815301076,1909f56bfc062723c751e8b465ee728b)  -> (artifact id: '8efaf84660c19b48dfbcbd27030753b4') in 0.004630 seconds
  Import took 0.007596 seconds .

========================================================================
Received Prepare
Registering precompiled user dll's ...
Registered in 0.000869 seconds.
Begin MonoManager ReloadAssembly
Native extension for WindowsStandalone target not found
Refreshing native plugins compatible for Editor in 0.21 ms, found 0 plugins.
Preloading 0 native plugins for Editor in 0.00 ms.
Mono: successfully reloaded assembly
- Completed reload, in  0.840 seconds
Platform modules already initialized, skipping
Refreshing native plugins compatible for Editor in 0.21 ms, found 0 plugins.
Preloading 0 native plugins for Editor in 0.00 ms.
Unloading 1118 Unused Serialized files (Serialized files now loaded: 0)
System memory in use before: 57.3 MB.
System memory in use after: 57.4 MB.

Unloading 5 unused Assets to reduce memory usage. Loaded Objects now: 1572.
Total: 1.789500 ms (FindLiveObjects: 0.116100 ms CreateObjectMapping: 0.033100 ms MarkObjects: 1.560300 ms  DeleteObjects: 0.079200 ms)

========================================================================
Received Prepare
Registering precompiled user dll's ...
Registered in 0.000687 seconds.
Begin MonoManager ReloadAssembly
Native extension for WindowsStandalone target not found
Refreshing native plugins compatible for Editor in 0.20 ms, found 0 plugins.
Preloading 0 native plugins for Editor in 0.00 ms.
Mono: successfully reloaded assembly
- Completed reload, in  0.830 seconds
Platform modules already initialized, skipping
Refreshing native plugins compatible for Editor in 0.21 ms, found 0 plugins.
Preloading 0 native plugins for Editor in 0.00 ms.
Unloading 1118 Unused Serialized files (Serialized files now loaded: 0)
System memory in use before: 57.3 MB.
System memory in use after: 57.4 MB.

Unloading 5 unused Assets to reduce memory usage. Loaded Objects now: 1575.
Total: 1.869900 ms (FindLiveObjects: 0.128800 ms CreateObjectMapping: 0.031200 ms MarkObjects: 1.663700 ms  DeleteObjects: 0.045300 ms)

========================================================================
Received Prepare
Registering precompiled user dll's ...
Registered in 0.000625 seconds.
Begin MonoManager ReloadAssembly
Native extension for WindowsStandalone target not found
Refreshing native plugins compatible for Editor in 0.24 ms, found 0 plugins.
Preloading 0 native plugins for Editor in 0.00 ms.
Mono: successfully reloaded assembly
- Completed reload, in  0.820 seconds
Platform modules already initialized, skipping
Refreshing native plugins compatible for Editor in 0.25 ms, found 0 plugins.
Preloading 0 native plugins for Editor in 0.00 ms.
Unloading 1118 Unused Serialized files (Serialized files now loaded: 0)
System memory in use before: 57.3 MB.
System memory in use after: 57.4 MB.

Unloading 5 unused Assets to reduce memory usage. Loaded Objects now: 1578.
Total: 1.646400 ms (FindLiveObjects: 0.114100 ms CreateObjectMapping: 0.032200 ms MarkObjects: 1.407300 ms  DeleteObjects: 0.091700 ms)

========================================================================
Received Prepare
Registering precompiled user dll's ...
Registered in 0.000866 seconds.
Begin MonoManager ReloadAssembly
Native extension for WindowsStandalone target not found
Refreshing native plugins compatible for Editor in 0.24 ms, found 0 plugins.
Preloading 0 native plugins for Editor in 0.00 ms.
Mono: successfully reloaded assembly
- Completed reload, in  0.800 seconds
Platform modules already initialized, skipping
Refreshing native plugins compatible for Editor in 0.35 ms, found 0 plugins.
Preloading 0 native plugins for Editor in 0.00 ms.
Unloading 1118 Unused Serialized files (Serialized files now loaded: 0)
System memory in use before: 57.3 MB.
System memory in use after: 57.4 MB.

Unloading 5 unused Assets to reduce memory usage. Loaded Objects now: 1581.
Total: 1.738600 ms (FindLiveObjects: 0.114000 ms CreateObjectMapping: 0.034200 ms MarkObjects: 1.521800 ms  DeleteObjects: 0.067800 ms)

========================================================================
Received Prepare
Registering precompiled user dll's ...
Registered in 0.000609 seconds.
Begin MonoManager ReloadAssembly
Native extension for WindowsStandalone target not found
Refreshing native plugins compatible for Editor in 0.24 ms, found 0 plugins.
Preloading 0 native plugins for Editor in 0.00 ms.
Mono: successfully reloaded assembly
- Completed reload, in  0.806 seconds
Platform modules already initialized, skipping
Refreshing native plugins compatible for Editor in 0.20 ms, found 0 plugins.
Preloading 0 native plugins for Editor in 0.00 ms.
Unloading 1118 Unused Serialized files (Serialized files now loaded: 0)
System memory in use before: 57.3 MB.
System memory in use after: 57.4 MB.

Unloading 5 unused Assets to reduce memory usage. Loaded Objects now: 1584.
Total: 1.694600 ms (FindLiveObjects: 0.114400 ms CreateObjectMapping: 0.031400 ms MarkObjects: 1.468100 ms  DeleteObjects: 0.079700 ms)

========================================================================
Received Import Request.
  Time since last request: 383.555692 seconds.
  path: Assets/Scripts/MainScript.cs
  artifactKey: Guid(25a5f10f2b2dca84cb11db383499c877) Importer(815301076,1909f56bfc062723c751e8b465ee728b)
Start importing Assets/Scripts/MainScript.cs using Guid(25a5f10f2b2dca84cb11db383499c877) Importer(815301076,1909f56bfc062723c751e8b465ee728b)  -> (artifact id: 'a2624fb20d7572a6a3e4b5392002151c') in 0.010754 seconds
  Import took 0.012965 seconds .

========================================================================
Received Import Request.
  Time since last request: 0.069830 seconds.
  path: Assets/Scripts/MainScript.cs
  artifactKey: Guid(25a5f10f2b2dca84cb11db383499c877) Importer(815301076,1909f56bfc062723c751e8b465ee728b)
Start importing Assets/Scripts/MainScript.cs using Guid(25a5f10f2b2dca84cb11db383499c877) Importer(815301076,1909f56bfc062723c751e8b465ee728b)  -> (artifact id: 'a2624fb20d7572a6a3e4b5392002151c') in 0.002799 seconds
  Import took 0.005369 seconds .

========================================================================
Received Prepare
Registering precompiled user dll's ...
Registered in 0.000653 seconds.
Begin MonoManager ReloadAssembly
Native extension for WindowsStandalone target not found
Refreshing native plugins compatible for Editor in 0.39 ms, found 0 plugins.
Preloading 0 native plugins for Editor in 0.00 ms.
Mono: successfully reloaded assembly
- Completed reload, in  0.815 seconds
Platform modules already initialized, skipping
Refreshing native plugins compatible for Editor in 0.26 ms, found 0 plugins.
Preloading 0 native plugins for Editor in 0.00 ms.
Unloading 1118 Unused Serialized files (Serialized files now loaded: 0)
System memory in use before: 57.3 MB.
System memory in use after: 57.4 MB.

Unloading 5 unused Assets to reduce memory usage. Loaded Objects now: 1587.
Total: 1.633300 ms (FindLiveObjects: 0.117500 ms CreateObjectMapping: 0.032600 ms MarkObjects: 1.397800 ms  DeleteObjects: 0.084500 ms)

========================================================================
Received Prepare
Registering precompiled user dll's ...
Registered in 0.000617 seconds.
Begin MonoManager ReloadAssembly
Native extension for WindowsStandalone target not found
Refreshing native plugins compatible for Editor in 0.21 ms, found 0 plugins.
Preloading 0 native plugins for Editor in 0.00 ms.
Mono: successfully reloaded assembly
- Completed reload, in  0.846 seconds
Platform modules already initialized, skipping
Refreshing native plugins compatible for Editor in 0.20 ms, found 0 plugins.
Preloading 0 native plugins for Editor in 0.00 ms.
Unloading 1118 Unused Serialized files (Serialized files now loaded: 0)
System memory in use before: 57.4 MB.
System memory in use after: 57.4 MB.

Unloading 5 unused Assets to reduce memory usage. Loaded Objects now: 1590.
Total: 1.837000 ms (FindLiveObjects: 0.188600 ms CreateObjectMapping: 0.063300 ms MarkObjects: 1.496200 ms  DeleteObjects: 0.087800 ms)

========================================================================
Received Prepare
Registering precompiled user dll's ...
Registered in 0.000632 seconds.
Begin MonoManager ReloadAssembly
Native extension for WindowsStandalone target not found
Refreshing native plugins compatible for Editor in 0.21 ms, found 0 plugins.
Preloading 0 native plugins for Editor in 0.00 ms.
Mono: successfully reloaded assembly
- Completed reload, in  0.803 seconds
Platform modules already initialized, skipping
Refreshing native plugins compatible for Editor in 0.20 ms, found 0 plugins.
Preloading 0 native plugins for Editor in 0.00 ms.
Unloading 1118 Unused Serialized files (Serialized files now loaded: 0)
System memory in use before: 57.4 MB.
System memory in use after: 57.4 MB.

Unloading 5 unused Assets to reduce memory usage. Loaded Objects now: 1593.
Total: 1.791700 ms (FindLiveObjects: 0.131700 ms CreateObjectMapping: 0.030900 ms MarkObjects: 1.546600 ms  DeleteObjects: 0.081600 ms)

========================================================================
Received Prepare
Registering precompiled user dll's ...
Registered in 0.000616 seconds.
Begin MonoManager ReloadAssembly
Native extension for WindowsStandalone target not found
Refreshing native plugins compatible for Editor in 0.36 ms, found 0 plugins.
Preloading 0 native plugins for Editor in 0.00 ms.
Mono: successfully reloaded assembly
- Completed reload, in  0.809 seconds
Platform modules already initialized, skipping
Refreshing native plugins compatible for Editor in 0.21 ms, found 0 plugins.
Preloading 0 native plugins for Editor in 0.00 ms.
Unloading 1118 Unused Serialized files (Serialized files now loaded: 0)
System memory in use before: 57.4 MB.
System memory in use after: 57.4 MB.

Unloading 5 unused Assets to reduce memory usage. Loaded Objects now: 1596.
Total: 2.076600 ms (FindLiveObjects: 0.184100 ms CreateObjectMapping: 0.041200 ms MarkObjects: 1.731300 ms  DeleteObjects: 0.118800 ms)

========================================================================
Received Prepare
Registering precompiled user dll's ...
Registered in 0.000707 seconds.
Begin MonoManager ReloadAssembly
Native extension for WindowsStandalone target not found
Refreshing native plugins compatible for Editor in 0.24 ms, found 0 plugins.
Preloading 0 native plugins for Editor in 0.00 ms.
Mono: successfully reloaded assembly
- Completed reload, in  0.873 seconds
Platform modules already initialized, skipping
Refreshing native plugins compatible for Editor in 0.20 ms, found 0 plugins.
Preloading 0 native plugins for Editor in 0.00 ms.
Unloading 1118 Unused Serialized files (Serialized files now loaded: 0)
System memory in use before: 57.4 MB.
System memory in use after: 57.4 MB.

Unloading 5 unused Assets to reduce memory usage. Loaded Objects now: 1599.
Total: 1.723300 ms (FindLiveObjects: 0.115000 ms CreateObjectMapping: 0.030700 ms MarkObjects: 1.533800 ms  DeleteObjects: 0.042800 ms)

========================================================================
Received Prepare
Registering precompiled user dll's ...
Registered in 0.000675 seconds.
Begin MonoManager ReloadAssembly
Native extension for WindowsStandalone target not found
Refreshing native plugins compatible for Editor in 0.20 ms, found 0 plugins.
Preloading 0 native plugins for Editor in 0.00 ms.
Mono: successfully reloaded assembly
- Completed reload, in  0.830 seconds
Platform modules already initialized, skipping
Refreshing native plugins compatible for Editor in 0.29 ms, found 0 plugins.
Preloading 0 native plugins for Editor in 0.00 ms.
Unloading 1118 Unused Serialized files (Serialized files now loaded: 0)
System memory in use before: 57.4 MB.
System memory in use after: 57.4 MB.

Unloading 5 unused Assets to reduce memory usage. Loaded Objects now: 1602.
Total: 1.753700 ms (FindLiveObjects: 0.137100 ms CreateObjectMapping: 0.031300 ms MarkObjects: 1.500700 ms  DeleteObjects: 0.083700 ms)

========================================================================
Received Prepare
Registering precompiled user dll's ...
Registered in 0.000992 seconds.
Begin MonoManager ReloadAssembly
Native extension for WindowsStandalone target not found
Refreshing native plugins compatible for Editor in 0.35 ms, found 0 plugins.
Preloading 0 native plugins for Editor in 0.00 ms.
Mono: successfully reloaded assembly
- Completed reload, in  0.825 seconds
Platform modules already initialized, skipping
Refreshing native plugins compatible for Editor in 0.26 ms, found 0 plugins.
Preloading 0 native plugins for Editor in 0.00 ms.
Unloading 1118 Unused Serialized files (Serialized files now loaded: 0)
System memory in use before: 57.4 MB.
System memory in use after: 57.5 MB.

Unloading 5 unused Assets to reduce memory usage. Loaded Objects now: 1605.
Total: 1.982100 ms (FindLiveObjects: 0.115700 ms CreateObjectMapping: 0.029900 ms MarkObjects: 1.780800 ms  DeleteObjects: 0.054700 ms)

========================================================================
Received Prepare
Registering precompiled user dll's ...
Registered in 0.000604 seconds.
Begin MonoManager ReloadAssembly
Native extension for WindowsStandalone target not found
Refreshing native plugins compatible for Editor in 0.21 ms, found 0 plugins.
Preloading 0 native plugins for Editor in 0.00 ms.
Mono: successfully reloaded assembly
- Completed reload, in  0.804 seconds
Platform modules already initialized, skipping
Refreshing native plugins compatible for Editor in 0.20 ms, found 0 plugins.
Preloading 0 native plugins for Editor in 0.00 ms.
Unloading 1118 Unused Serialized files (Serialized files now loaded: 0)
System memory in use before: 57.4 MB.
System memory in use after: 57.5 MB.

Unloading 5 unused Assets to reduce memory usage. Loaded Objects now: 1608.
Total: 1.598700 ms (FindLiveObjects: 0.175800 ms CreateObjectMapping: 0.062200 ms MarkObjects: 1.311200 ms  DeleteObjects: 0.048700 ms)

========================================================================
Received Prepare
Registering precompiled user dll's ...
Registered in 0.000580 seconds.
Begin MonoManager ReloadAssembly
Native extension for WindowsStandalone target not found
Refreshing native plugins compatible for Editor in 0.24 ms, found 0 plugins.
Preloading 0 native plugins for Editor in 0.00 ms.
Mono: successfully reloaded assembly
- Completed reload, in  0.795 seconds
Platform modules already initialized, skipping
Refreshing native plugins compatible for Editor in 0.33 ms, found 0 plugins.
Preloading 0 native plugins for Editor in 0.00 ms.
Unloading 1118 Unused Serialized files (Serialized files now loaded: 0)
System memory in use before: 57.4 MB.
System memory in use after: 57.5 MB.

Unloading 5 unused Assets to reduce memory usage. Loaded Objects now: 1611.
Total: 2.975700 ms (FindLiveObjects: 0.267500 ms CreateObjectMapping: 0.095900 ms MarkObjects: 2.538500 ms  DeleteObjects: 0.071800 ms)

========================================================================
Received Prepare
Registering precompiled user dll's ...
Registered in 0.000912 seconds.
Begin MonoManager ReloadAssembly
Native extension for WindowsStandalone target not found
Refreshing native plugins compatible for Editor in 0.21 ms, found 0 plugins.
Preloading 0 native plugins for Editor in 0.00 ms.
Mono: successfully reloaded assembly
- Completed reload, in  0.976 seconds
Platform modules already initialized, skipping
Refreshing native plugins compatible for Editor in 0.21 ms, found 0 plugins.
Preloading 0 native plugins for Editor in 0.00 ms.
Unloading 1118 Unused Serialized files (Serialized files now loaded: 0)
System memory in use before: 57.4 MB.
System memory in use after: 57.5 MB.

Unloading 5 unused Assets to reduce memory usage. Loaded Objects now: 1614.
Total: 1.779800 ms (FindLiveObjects: 0.124500 ms CreateObjectMapping: 0.034200 ms MarkObjects: 1.533700 ms  DeleteObjects: 0.086300 ms)

========================================================================
Received Import Request.
  Time since last request: 1889.812997 seconds.
  path: Assets/Scripts/MainScript.cs
  artifactKey: Guid(25a5f10f2b2dca84cb11db383499c877) Importer(815301076,1909f56bfc062723c751e8b465ee728b)
Start importing Assets/Scripts/MainScript.cs using Guid(25a5f10f2b2dca84cb11db383499c877) Importer(815301076,1909f56bfc062723c751e8b465ee728b)  -> (artifact id: '3ed75c4cc203e40a8562eb9260b75950') in 0.010824 seconds
  Import took 0.013059 seconds .

========================================================================
Received Import Request.
  Time since last request: 0.179981 seconds.
  path: Assets/Scripts/RaidCycle.cs
  artifactKey: Guid(696c5a30820407e41b5f29a991441033) Importer(815301076,1909f56bfc062723c751e8b465ee728b)
Start importing Assets/Scripts/RaidCycle.cs using Guid(696c5a30820407e41b5f29a991441033) Importer(815301076,1909f56bfc062723c751e8b465ee728b)  -> (artifact id: '2a061f941c796adf0a7df99e1632fbba') in 0.010612 seconds
  Import took 0.013500 seconds .

========================================================================
Received Import Request.
  Time since last request: 0.585069 seconds.
  path: Assets/Scripts/RecruitingSctipt.cs
  artifactKey: Guid(828036fe5956aec4f90bfc5b4692165c) Importer(815301076,1909f56bfc062723c751e8b465ee728b)
Start importing Assets/Scripts/RecruitingSctipt.cs using Guid(828036fe5956aec4f90bfc5b4692165c) Importer(815301076,1909f56bfc062723c751e8b465ee728b)  -> (artifact id: 'f58f16d1c108876409d5c980c195131f') in 0.008554 seconds
  Import took 0.011944 seconds .

========================================================================
Received Import Request.
  Time since last request: 0.218226 seconds.
  path: Assets/Scripts/GoldCycle.cs
  artifactKey: Guid(6c74dd1c86efcc24d9c9eff1dd69cfa2) Importer(815301076,1909f56bfc062723c751e8b465ee728b)
Start importing Assets/Scripts/GoldCycle.cs using Guid(6c74dd1c86efcc24d9c9eff1dd69cfa2) Importer(815301076,1909f56bfc062723c751e8b465ee728b)  -> (artifact id: '6c2257fabcd7b24a8edebebb0ad5d335') in 0.017031 seconds
  Import took 0.022721 seconds .

========================================================================
Received Import Request.
  Time since last request: 0.926092 seconds.
  path: Assets/Scripts/UnitsScript.cs
  artifactKey: Guid(adbdef35506e1a140a04db3c01c47e4c) Importer(815301076,1909f56bfc062723c751e8b465ee728b)
Start importing Assets/Scripts/UnitsScript.cs using Guid(adbdef35506e1a140a04db3c01c47e4c) Importer(815301076,1909f56bfc062723c751e8b465ee728b)  -> (artifact id: '30211a47422a6458b3575a7a9a51117d') in 0.025886 seconds
  Import took 0.028239 seconds .

========================================================================
Received Import Request.
  Time since last request: 0.153204 seconds.
  path: Assets/Scripts/StartGameScript.cs
  artifactKey: Guid(a56bae37947380f4b8f574c43eae7110) Importer(815301076,1909f56bfc062723c751e8b465ee728b)
Start importing Assets/Scripts/StartGameScript.cs using Guid(a56bae37947380f4b8f574c43eae7110) Importer(815301076,1909f56bfc062723c751e8b465ee728b)  -> (artifact id: 'f3d88a71e9ac8cd0462db422f0599597') in 0.020834 seconds
  Import took 0.022925 seconds .

========================================================================
Received Import Request.
  Time since last request: 0.089981 seconds.
  path: Assets/Scripts/TownGradeScript.cs
  artifactKey: Guid(d2b14683754793343afeba28523e1bc3) Importer(815301076,1909f56bfc062723c751e8b465ee728b)
Start importing Assets/Scripts/TownGradeScript.cs using Guid(d2b14683754793343afeba28523e1bc3) Importer(815301076,1909f56bfc062723c751e8b465ee728b)  -> (artifact id: 'd9b8a6f513e86c7d7fa21b3a36e241c4') in 0.007128 seconds
  Import took 0.009264 seconds .

AssetImportWorkerClient::OnTransportError - code=2 error=End of file
