Using pre-set license
Built from '2020.3/staging' branch; Version is '2020.3.9f1 (108be757e447) revision 1084391'; Using compiler version '192528614'; Build Type 'Release'
OS: 'Windows 10 Home Single Language; OS build 19042.1052; Version 2009; 64bit' Language: 'ru' Physical Memory: 16250 MB
BatchMode: 1, IsHumanControllingUs: 0, StartBugReporterOnCrash: 0, Is64bit: 1, IsPro: 0

 COMMAND LINE ARGUMENTS:
D:\Program Files\Unity Hub\edit\2020.3.8f1\Editor\Unity.exe
-adb2
-batchMode
-noUpm
-name
AssetImportWorker0
-projectPath
D:/Program Files/Unity Hub/edit/Pinball
-logFile
Logs/AssetImportWorker0.log
-srvPort
57128
Successfully changed project path to: D:/Program Files/Unity Hub/edit/Pinball
D:/Program Files/Unity Hub/edit/Pinball
Using Asset Import Pipeline V2.
Refreshing native plugins compatible for Editor in 24.34 ms, found 0 plugins.
Preloading 0 native plugins for Editor in 0.00 ms.
Initialize engine version: 2020.3.9f1 (108be757e447)
[Subsystems] Discovering subsystems at path D:/Program Files/Unity Hub/edit/2020.3.8f1/Editor/Data/Resources/UnitySubsystems
[Subsystems] Discovering subsystems at path D:/Program Files/Unity Hub/edit/Pinball/Assets
GfxDevice: creating device client; threaded=0
Direct3D:
    Version:  Direct3D 11.0 [level 11.1]
    Renderer: NVIDIA GeForce GTX 1050 Ti (ID=0x1c8c)
    Vendor:   
    VRAM:     4018 MB
    Driver:   27.21.14.6677
Initialize mono
Mono path[0] = 'D:/Program Files/Unity Hub/edit/2020.3.8f1/Editor/Data/Managed'
Mono path[1] = 'D:/Program Files/Unity Hub/edit/2020.3.8f1/Editor/Data/MonoBleedingEdge/lib/mono/unityjit'
Mono config path = 'D:/Program Files/Unity Hub/edit/2020.3.8f1/Editor/Data/MonoBleedingEdge/etc'
Using monoOptions --debugger-agent=transport=dt_socket,embedding=1,server=y,suspend=n,address=127.0.0.1:56732
Begin MonoManager ReloadAssembly
Registering precompiled unity dll's ...
Register platform support module: D:/Program Files/Unity Hub/edit/2020.3.8f1/Editor/Data/PlaybackEngines/WindowsStandaloneSupport/UnityEditor.WindowsStandalone.Extensions.dll
Registered in 0.001074 seconds.
Native extension for WindowsStandalone target not found
Refreshing native plugins compatible for Editor in 23.99 ms, found 0 plugins.
Preloading 0 native plugins for Editor in 0.00 ms.
Mono: successfully reloaded assembly
- Completed reload, in  0.930 seconds
Platform modules already initialized, skipping
Registering precompiled user dll's ...
Registered in 0.000554 seconds.
Begin MonoManager ReloadAssembly
Native extension for WindowsStandalone target not found
Refreshing native plugins compatible for Editor in 0.19 ms, found 0 plugins.
Preloading 0 native plugins for Editor in 0.00 ms.
Mono: successfully reloaded assembly
- Completed reload, in  0.833 seconds
Platform modules already initialized, skipping
========================================================================
Worker process is ready to serve import requests
Launched and connected shader compiler UnityShaderCompiler.exe after 0.05 seconds
Refreshing native plugins compatible for Editor in 0.20 ms, found 0 plugins.
Preloading 0 native plugins for Editor in 0.00 ms.
Unloading 1115 Unused Serialized files (Serialized files now loaded: 0)
System memory in use before: 57.2 MB.
System memory in use after: 57.2 MB.

Unloading 10 unused Assets to reduce memory usage. Loaded Objects now: 1557.
Total: 1.902700 ms (FindLiveObjects: 0.185000 ms CreateObjectMapping: 0.058300 ms MarkObjects: 1.542300 ms  DeleteObjects: 0.116200 ms)

========================================================================
Received Import Request.
  path: Assets/neu38bety9961.jpg
  artifactKey: Guid(8bf0a94ec73f33b4ca786175942e2b3b) Importer(815301076,1909f56bfc062723c751e8b465ee728b)
Start importing Assets/neu38bety9961.jpg using Guid(8bf0a94ec73f33b4ca786175942e2b3b) Importer(815301076,1909f56bfc062723c751e8b465ee728b)  -> (artifact id: '930d0800783742aaa46edb4d247a15b7') in 0.082124 seconds
  Import took 0.083962 seconds .

========================================================================
Received Import Request.
  Time since last request: 22.449952 seconds.
  path: Assets/neu38bety9961.jpg
  artifactKey: Guid(8bf0a94ec73f33b4ca786175942e2b3b) Importer(815301076,1909f56bfc062723c751e8b465ee728b)
Start importing Assets/neu38bety9961.jpg using Guid(8bf0a94ec73f33b4ca786175942e2b3b) Importer(815301076,1909f56bfc062723c751e8b465ee728b)  -> (artifact id: '92641050de44c321325e6eacf26d09d9') in 0.051772 seconds
  Import took 0.054684 seconds .

========================================================================
Received Import Request.
  Time since last request: 6.187593 seconds.
  path: Assets/neu38bety9961.jpg
  artifactKey: Guid(8bf0a94ec73f33b4ca786175942e2b3b) Importer(815301076,1909f56bfc062723c751e8b465ee728b)
Start importing Assets/neu38bety9961.jpg using Guid(8bf0a94ec73f33b4ca786175942e2b3b) Importer(815301076,1909f56bfc062723c751e8b465ee728b)  -> (artifact id: '7e34a457560d90a82e94fbf62e182998') in 0.030233 seconds
  Import took 0.034035 seconds .

========================================================================
Received Import Request.
  Time since last request: 9.018351 seconds.
  path: Assets/neu38bety9961.jpg
  artifactKey: Guid(8bf0a94ec73f33b4ca786175942e2b3b) Importer(815301076,1909f56bfc062723c751e8b465ee728b)
Start importing Assets/neu38bety9961.jpg using Guid(8bf0a94ec73f33b4ca786175942e2b3b) Importer(815301076,1909f56bfc062723c751e8b465ee728b)  -> (artifact id: '363edee6a8dee9f3e5a3d4af7f6820c3') in 0.019575 seconds
  Import took 0.021719 seconds .

========================================================================
Received Import Request.
  Time since last request: 0.003593 seconds.
  path: Assets/neu38bety9961.jpg
  artifactKey: Guid(8bf0a94ec73f33b4ca786175942e2b3b) Importer(815301076,1909f56bfc062723c751e8b465ee728b)
Start importing Assets/neu38bety9961.jpg using Guid(8bf0a94ec73f33b4ca786175942e2b3b) Importer(815301076,1909f56bfc062723c751e8b465ee728b)  -> (artifact id: '363edee6a8dee9f3e5a3d4af7f6820c3') in 0.019697 seconds
  Import took 0.022871 seconds .

========================================================================
Received Import Request.
  Time since last request: 4.907612 seconds.
  path: Assets/neu38bety9961.jpg
  artifactKey: Guid(8bf0a94ec73f33b4ca786175942e2b3b) Importer(815301076,1909f56bfc062723c751e8b465ee728b)
Start importing Assets/neu38bety9961.jpg using Guid(8bf0a94ec73f33b4ca786175942e2b3b) Importer(815301076,1909f56bfc062723c751e8b465ee728b)  -> (artifact id: '41fc4fc06159d010388c68495270d66b') in 0.021603 seconds
  Import took 0.023992 seconds .

========================================================================
Received Import Request.
  Time since last request: 0.002457 seconds.
  path: Assets/neu38bety9961.jpg
  artifactKey: Guid(8bf0a94ec73f33b4ca786175942e2b3b) Importer(815301076,1909f56bfc062723c751e8b465ee728b)
Start importing Assets/neu38bety9961.jpg using Guid(8bf0a94ec73f33b4ca786175942e2b3b) Importer(815301076,1909f56bfc062723c751e8b465ee728b)  -> (artifact id: '41fc4fc06159d010388c68495270d66b') in 0.027554 seconds
  Import took 0.030686 seconds .

========================================================================
Received Import Request.
  Time since last request: 5.021679 seconds.
  path: Assets/neu38bety9961.jpg
  artifactKey: Guid(8bf0a94ec73f33b4ca786175942e2b3b) Importer(815301076,1909f56bfc062723c751e8b465ee728b)
Start importing Assets/neu38bety9961.jpg using Guid(8bf0a94ec73f33b4ca786175942e2b3b) Importer(815301076,1909f56bfc062723c751e8b465ee728b)  -> (artifact id: '081346eaa063434e90f16842a052e7b0') in 0.021498 seconds
  Import took 0.023840 seconds .

========================================================================
Received Import Request.
  Time since last request: 0.001800 seconds.
  path: Assets/neu38bety9961.jpg
  artifactKey: Guid(8bf0a94ec73f33b4ca786175942e2b3b) Importer(815301076,1909f56bfc062723c751e8b465ee728b)
Start importing Assets/neu38bety9961.jpg using Guid(8bf0a94ec73f33b4ca786175942e2b3b) Importer(815301076,1909f56bfc062723c751e8b465ee728b)  -> (artifact id: '081346eaa063434e90f16842a052e7b0') in 0.021979 seconds
  Import took 0.025758 seconds .

========================================================================
Received Import Request.
  Time since last request: 3.414675 seconds.
  path: Assets/neu38bety9961.jpg
  artifactKey: Guid(8bf0a94ec73f33b4ca786175942e2b3b) Importer(815301076,1909f56bfc062723c751e8b465ee728b)
Start importing Assets/neu38bety9961.jpg using Guid(8bf0a94ec73f33b4ca786175942e2b3b) Importer(815301076,1909f56bfc062723c751e8b465ee728b)  -> (artifact id: '2dc4c947e5480058d19545fd5100d67c') in 0.019995 seconds
  Import took 0.021981 seconds .

========================================================================
Received Import Request.
  Time since last request: 0.000674 seconds.
  path: Assets/neu38bety9961.jpg
  artifactKey: Guid(8bf0a94ec73f33b4ca786175942e2b3b) Importer(815301076,1909f56bfc062723c751e8b465ee728b)
Start importing Assets/neu38bety9961.jpg using Guid(8bf0a94ec73f33b4ca786175942e2b3b) Importer(815301076,1909f56bfc062723c751e8b465ee728b)  -> (artifact id: '2dc4c947e5480058d19545fd5100d67c') in 0.018078 seconds
  Import took 0.020901 seconds .

========================================================================
Received Import Request.
  Time since last request: 3.202252 seconds.
  path: Assets/neu38bety9961.jpg
  artifactKey: Guid(8bf0a94ec73f33b4ca786175942e2b3b) Importer(815301076,1909f56bfc062723c751e8b465ee728b)
Start importing Assets/neu38bety9961.jpg using Guid(8bf0a94ec73f33b4ca786175942e2b3b) Importer(815301076,1909f56bfc062723c751e8b465ee728b)  -> (artifact id: 'b2ff23683d27bfd3e37c31fbede11908') in 0.026024 seconds
  Import took 0.028585 seconds .

========================================================================
Received Import Request.
  Time since last request: 13.169402 seconds.
  path: Assets/neu38bety9961.jpg
  artifactKey: Guid(8bf0a94ec73f33b4ca786175942e2b3b) Importer(815301076,1909f56bfc062723c751e8b465ee728b)
Start importing Assets/neu38bety9961.jpg using Guid(8bf0a94ec73f33b4ca786175942e2b3b) Importer(815301076,1909f56bfc062723c751e8b465ee728b)  -> (artifact id: '1d4bb62a227a89c33750302bf33bcb86') in 0.019405 seconds
  Import took 0.021964 seconds .

========================================================================
Received Import Request.
  Time since last request: 0.004590 seconds.
  path: Assets/neu38bety9961.jpg
  artifactKey: Guid(8bf0a94ec73f33b4ca786175942e2b3b) Importer(815301076,1909f56bfc062723c751e8b465ee728b)
Start importing Assets/neu38bety9961.jpg using Guid(8bf0a94ec73f33b4ca786175942e2b3b) Importer(815301076,1909f56bfc062723c751e8b465ee728b)  -> (artifact id: '1d4bb62a227a89c33750302bf33bcb86') in 0.023279 seconds
  Import took 0.025585 seconds .

========================================================================
Received Import Request.
  Time since last request: 66.855137 seconds.
  path: Assets/neu38bety9961.jpg
  artifactKey: Guid(8bf0a94ec73f33b4ca786175942e2b3b) Importer(815301076,1909f56bfc062723c751e8b465ee728b)
Start importing Assets/neu38bety9961.jpg using Guid(8bf0a94ec73f33b4ca786175942e2b3b) Importer(815301076,1909f56bfc062723c751e8b465ee728b)  -> (artifact id: '304d435653e287aa373b1455186b38ef') in 0.017115 seconds
  Import took 0.019970 seconds .

========================================================================
Received Import Request.
  Time since last request: 0.005038 seconds.
  path: Assets/neu38bety9961.jpg
  artifactKey: Guid(8bf0a94ec73f33b4ca786175942e2b3b) Importer(815301076,1909f56bfc062723c751e8b465ee728b)
Start importing Assets/neu38bety9961.jpg using Guid(8bf0a94ec73f33b4ca786175942e2b3b) Importer(815301076,1909f56bfc062723c751e8b465ee728b)  -> (artifact id: '304d435653e287aa373b1455186b38ef') in 0.021213 seconds
  Import took 0.025036 seconds .

========================================================================
Received Import Request.
  Time since last request: 7.769104 seconds.
  path: Assets/neu38bety9961.jpg
  artifactKey: Guid(8bf0a94ec73f33b4ca786175942e2b3b) Importer(815301076,1909f56bfc062723c751e8b465ee728b)
Start importing Assets/neu38bety9961.jpg using Guid(8bf0a94ec73f33b4ca786175942e2b3b) Importer(815301076,1909f56bfc062723c751e8b465ee728b)  -> (artifact id: '4dba5b05ef5327bb8fc5ec9bb07fcb6d') in 0.014247 seconds
  Import took 0.017022 seconds .

========================================================================
Received Import Request.
  Time since last request: 0.007458 seconds.
  path: Assets/neu38bety9961.jpg
  artifactKey: Guid(8bf0a94ec73f33b4ca786175942e2b3b) Importer(815301076,1909f56bfc062723c751e8b465ee728b)
Start importing Assets/neu38bety9961.jpg using Guid(8bf0a94ec73f33b4ca786175942e2b3b) Importer(815301076,1909f56bfc062723c751e8b465ee728b)  -> (artifact id: '4dba5b05ef5327bb8fc5ec9bb07fcb6d') in 0.022701 seconds
  Import took 0.025516 seconds .

========================================================================
Received Import Request.
  Time since last request: 7.056353 seconds.
  path: Assets/neu38bety9961.jpg
  artifactKey: Guid(8bf0a94ec73f33b4ca786175942e2b3b) Importer(815301076,1909f56bfc062723c751e8b465ee728b)
Start importing Assets/neu38bety9961.jpg using Guid(8bf0a94ec73f33b4ca786175942e2b3b) Importer(815301076,1909f56bfc062723c751e8b465ee728b)  -> (artifact id: 'f473a389fa6faa14f02266d9beed1aa3') in 0.014850 seconds
  Import took 0.018323 seconds .

========================================================================
Received Import Request.
  Time since last request: 0.006244 seconds.
  path: Assets/neu38bety9961.jpg
  artifactKey: Guid(8bf0a94ec73f33b4ca786175942e2b3b) Importer(815301076,1909f56bfc062723c751e8b465ee728b)
Start importing Assets/neu38bety9961.jpg using Guid(8bf0a94ec73f33b4ca786175942e2b3b) Importer(815301076,1909f56bfc062723c751e8b465ee728b)  -> (artifact id: 'f473a389fa6faa14f02266d9beed1aa3') in 0.020807 seconds
  Import took 0.023099 seconds .

========================================================================
Received Import Request.
  Time since last request: 3.711553 seconds.
  path: Assets/neu38bety9961.jpg
  artifactKey: Guid(8bf0a94ec73f33b4ca786175942e2b3b) Importer(815301076,1909f56bfc062723c751e8b465ee728b)
Start importing Assets/neu38bety9961.jpg using Guid(8bf0a94ec73f33b4ca786175942e2b3b) Importer(815301076,1909f56bfc062723c751e8b465ee728b)  -> (artifact id: 'acd0adf5ebe71540ca18d19d648ea6a0') in 0.014665 seconds
  Import took 0.017040 seconds .

========================================================================
Received Import Request.
  Time since last request: 0.008379 seconds.
  path: Assets/neu38bety9961.jpg
  artifactKey: Guid(8bf0a94ec73f33b4ca786175942e2b3b) Importer(815301076,1909f56bfc062723c751e8b465ee728b)
Start importing Assets/neu38bety9961.jpg using Guid(8bf0a94ec73f33b4ca786175942e2b3b) Importer(815301076,1909f56bfc062723c751e8b465ee728b)  -> (artifact id: 'acd0adf5ebe71540ca18d19d648ea6a0') in 0.021384 seconds
  Import took 0.024231 seconds .

========================================================================
Received Import Request.
  Time since last request: 2.972718 seconds.
  path: Assets/neu38bety9961.jpg
  artifactKey: Guid(8bf0a94ec73f33b4ca786175942e2b3b) Importer(815301076,1909f56bfc062723c751e8b465ee728b)
Start importing Assets/neu38bety9961.jpg using Guid(8bf0a94ec73f33b4ca786175942e2b3b) Importer(815301076,1909f56bfc062723c751e8b465ee728b)  -> (artifact id: '319e03fb8a9e8091faec7777ea3b4a0d') in 0.018059 seconds
  Import took 0.020338 seconds .

========================================================================
Received Import Request.
  Time since last request: 0.007146 seconds.
  path: Assets/neu38bety9961.jpg
  artifactKey: Guid(8bf0a94ec73f33b4ca786175942e2b3b) Importer(815301076,1909f56bfc062723c751e8b465ee728b)
Start importing Assets/neu38bety9961.jpg using Guid(8bf0a94ec73f33b4ca786175942e2b3b) Importer(815301076,1909f56bfc062723c751e8b465ee728b)  -> (artifact id: '319e03fb8a9e8091faec7777ea3b4a0d') in 0.020744 seconds
  Import took 0.024524 seconds .

========================================================================
Received Import Request.
  Time since last request: 13.595265 seconds.
  path: Assets/neu38bety9961.jpg
  artifactKey: Guid(8bf0a94ec73f33b4ca786175942e2b3b) Importer(815301076,1909f56bfc062723c751e8b465ee728b)
Start importing Assets/neu38bety9961.jpg using Guid(8bf0a94ec73f33b4ca786175942e2b3b) Importer(815301076,1909f56bfc062723c751e8b465ee728b)  -> (artifact id: 'b711ccf1c378023668223b793bb2495e') in 0.015711 seconds
  Import took 0.017940 seconds .

========================================================================
Received Import Request.
  Time since last request: 0.008467 seconds.
  path: Assets/neu38bety9961.jpg
  artifactKey: Guid(8bf0a94ec73f33b4ca786175942e2b3b) Importer(815301076,1909f56bfc062723c751e8b465ee728b)
Start importing Assets/neu38bety9961.jpg using Guid(8bf0a94ec73f33b4ca786175942e2b3b) Importer(815301076,1909f56bfc062723c751e8b465ee728b)  -> (artifact id: 'b711ccf1c378023668223b793bb2495e') in 0.020873 seconds
  Import took 0.023206 seconds .

========================================================================
Received Import Request.
  Time since last request: 2.533289 seconds.
  path: Assets/neu38bety9961.jpg
  artifactKey: Guid(8bf0a94ec73f33b4ca786175942e2b3b) Importer(815301076,1909f56bfc062723c751e8b465ee728b)
Start importing Assets/neu38bety9961.jpg using Guid(8bf0a94ec73f33b4ca786175942e2b3b) Importer(815301076,1909f56bfc062723c751e8b465ee728b)  -> (artifact id: 'bbd4fdfcdc184b1e741146558424892b') in 0.015256 seconds
  Import took 0.018078 seconds .

========================================================================
Received Import Request.
  Time since last request: 0.006582 seconds.
  path: Assets/neu38bety9961.jpg
  artifactKey: Guid(8bf0a94ec73f33b4ca786175942e2b3b) Importer(815301076,1909f56bfc062723c751e8b465ee728b)
Start importing Assets/neu38bety9961.jpg using Guid(8bf0a94ec73f33b4ca786175942e2b3b) Importer(815301076,1909f56bfc062723c751e8b465ee728b)  -> (artifact id: 'bbd4fdfcdc184b1e741146558424892b') in 0.014239 seconds
  Import took 0.017035 seconds .

========================================================================
Received Import Request.
  Time since last request: 66.915506 seconds.
  path: Assets/eric-peets-vertical-noboard-540x960-epeets.jpg
  artifactKey: Guid(d3b356e093c5272498b493b9ed6bbefc) Importer(815301076,1909f56bfc062723c751e8b465ee728b)
Start importing Assets/eric-peets-vertical-noboard-540x960-epeets.jpg using Guid(d3b356e093c5272498b493b9ed6bbefc) Importer(815301076,1909f56bfc062723c751e8b465ee728b)  -> (artifact id: '67faa9aabaccc095185e668a0c5602eb') in 0.027141 seconds
  Import took 0.029748 seconds .

========================================================================
Received Import Request.
  Time since last request: 0.003500 seconds.
  path: Assets/eric-peets-vertical-noboard-540x960-epeets.jpg
  artifactKey: Guid(d3b356e093c5272498b493b9ed6bbefc) Importer(815301076,1909f56bfc062723c751e8b465ee728b)
Start importing Assets/eric-peets-vertical-noboard-540x960-epeets.jpg using Guid(d3b356e093c5272498b493b9ed6bbefc) Importer(815301076,1909f56bfc062723c751e8b465ee728b)  -> (artifact id: '67faa9aabaccc095185e668a0c5602eb') in 0.009967 seconds
  Import took 0.012545 seconds .

========================================================================
Received Import Request.
  Time since last request: 12.402175 seconds.
  path: Assets
  artifactKey: Guid(00000000000000001000000000000000) Importer(815301076,1909f56bfc062723c751e8b465ee728b)
Start importing Assets using Guid(00000000000000001000000000000000) Importer(815301076,1909f56bfc062723c751e8b465ee728b)  -> (artifact id: '42d402b061de3733987d63b9cc3b64de') in 0.010019 seconds
  Import took 0.012436 seconds .

========================================================================
Received Import Request.
  Time since last request: 10.919835 seconds.
  path: Assets/Textures
  artifactKey: Guid(b3c882634f2ee46409eae38c4761440a) Importer(815301076,1909f56bfc062723c751e8b465ee728b)
Start importing Assets/Textures using Guid(b3c882634f2ee46409eae38c4761440a) Importer(815301076,1909f56bfc062723c751e8b465ee728b)  -> (artifact id: 'd026f5f6adbee3c7bec7daaf60fe1e4e') in 0.009651 seconds
  Import took 0.012706 seconds .

========================================================================
Received Import Request.
  Time since last request: 60.500704 seconds.
  path: Assets/Materials
  artifactKey: Guid(35a1426641dd14044bc116d08b94b766) Importer(815301076,1909f56bfc062723c751e8b465ee728b)
Start importing Assets/Materials using Guid(35a1426641dd14044bc116d08b94b766) Importer(815301076,1909f56bfc062723c751e8b465ee728b)  -> (artifact id: 'b09791d230ef9874fa5feb3c1a0e1dcc') in 0.011031 seconds
  Import took 0.013161 seconds .

========================================================================
Received Import Request.
  Time since last request: 0.050855 seconds.
  path: Assets/Materials/eric-peets-vertical-noboard-540x960-epeets.mat
  artifactKey: Guid(c78e6ca6b434c50469e17bb002a45752) Importer(815301076,1909f56bfc062723c751e8b465ee728b)
Start importing Assets/Materials/eric-peets-vertical-noboard-540x960-epeets.mat using Guid(c78e6ca6b434c50469e17bb002a45752) Importer(815301076,1909f56bfc062723c751e8b465ee728b)  -> (artifact id: '4f794998331301d0a9a58e721a023bef') in 0.079828 seconds
  Import took 0.082668 seconds .

========================================================================
Received Import Request.
  Time since last request: 0.000372 seconds.
  path: Assets/Materials/neu38bety9961.mat
  artifactKey: Guid(c43a41e109c112741a35ce855ba59c0d) Importer(815301076,1909f56bfc062723c751e8b465ee728b)
Start importing Assets/Materials/neu38bety9961.mat using Guid(c43a41e109c112741a35ce855ba59c0d) Importer(815301076,1909f56bfc062723c751e8b465ee728b)  -> (artifact id: '6a183c623b0686b14c0689a1ff82499f') in 0.015193 seconds
  Import took 0.017816 seconds .

========================================================================
Received Import Request.
  Time since last request: 20.527606 seconds.
  path: Assets/Materials/Purpure.mat
  artifactKey: Guid(0779bab76e4794647b560f887d7470e4) Importer(815301076,1909f56bfc062723c751e8b465ee728b)
Start importing Assets/Materials/Purpure.mat using Guid(0779bab76e4794647b560f887d7470e4) Importer(815301076,1909f56bfc062723c751e8b465ee728b)  -> (artifact id: 'c57d6238d0ee9b8c826ecba470ad0bd8') in 0.018014 seconds
  Import took 0.020424 seconds .

========================================================================
Received Import Request.
  Time since last request: 166.360028 seconds.
  path: Assets/Materials/Purpure.mat
  artifactKey: Guid(0779bab76e4794647b560f887d7470e4) Importer(815301076,1909f56bfc062723c751e8b465ee728b)
Start importing Assets/Materials/Purpure.mat using Guid(0779bab76e4794647b560f887d7470e4) Importer(815301076,1909f56bfc062723c751e8b465ee728b)  -> (artifact id: '2f9d83e80b276001a85193247f50f894') in 0.018781 seconds
  Import took 0.023201 seconds .

========================================================================
Received Import Request.
  Time since last request: 1164.891046 seconds.
  path: Assets/Materials/Blue.mat
  artifactKey: Guid(0779bab76e4794647b560f887d7470e4) Importer(815301076,1909f56bfc062723c751e8b465ee728b)
Start importing Assets/Materials/Blue.mat using Guid(0779bab76e4794647b560f887d7470e4) Importer(815301076,1909f56bfc062723c751e8b465ee728b)  -> (artifact id: '21f39c49db320bd6bd0551db529544fb') in 0.032082 seconds
  Import took 0.034691 seconds .

========================================================================
Received Import Request.
  Time since last request: 7.484255 seconds.
  path: Assets/Materials/Red.mat
  artifactKey: Guid(1ec7fe22630ef544dbe1bb1343bcc832) Importer(815301076,1909f56bfc062723c751e8b465ee728b)
Start importing Assets/Materials/Red.mat using Guid(1ec7fe22630ef544dbe1bb1343bcc832) Importer(815301076,1909f56bfc062723c751e8b465ee728b)  -> (artifact id: '7e30e568e7381f54e54b1bdc0dca0525') in 0.026535 seconds
  Import took 0.029878 seconds .

========================================================================
Received Import Request.
  Time since last request: 2253.485454 seconds.
  path: Assets/Scripts.cs
  artifactKey: Guid(cd63b3672f594cb459aaa1a1975f502e) Importer(815301076,1909f56bfc062723c751e8b465ee728b)
Start importing Assets/Scripts.cs using Guid(cd63b3672f594cb459aaa1a1975f502e) Importer(815301076,1909f56bfc062723c751e8b465ee728b)  -> (artifact id: '55a0344701dee78acf444c3cb722fc75') in 0.035021 seconds
  Import took 0.039047 seconds .

========================================================================
Received Import Request.
  Time since last request: 0.002795 seconds.
  path: Assets/Scripts.cs
  artifactKey: Guid(cd63b3672f594cb459aaa1a1975f502e) Importer(815301076,1909f56bfc062723c751e8b465ee728b)
Start importing Assets/Scripts.cs using Guid(cd63b3672f594cb459aaa1a1975f502e) Importer(815301076,1909f56bfc062723c751e8b465ee728b)  -> (artifact id: '55a0344701dee78acf444c3cb722fc75') in 0.004281 seconds
  Import took 0.007876 seconds .

========================================================================
Received Prepare
Registering precompiled user dll's ...
Registered in 0.000830 seconds.
Begin MonoManager ReloadAssembly
Native extension for WindowsStandalone target not found
Refreshing native plugins compatible for Editor in 0.20 ms, found 0 plugins.
Preloading 0 native plugins for Editor in 0.00 ms.
Mono: successfully reloaded assembly
- Completed reload, in  0.915 seconds
Platform modules already initialized, skipping
Refreshing native plugins compatible for Editor in 0.23 ms, found 0 plugins.
Preloading 0 native plugins for Editor in 0.00 ms.
Unloading 1111 Unused Serialized files (Serialized files now loaded: 0)
System memory in use before: 60.4 MB.
System memory in use after: 60.5 MB.

Unloading 5 unused Assets to reduce memory usage. Loaded Objects now: 1604.
Total: 1.591300 ms (FindLiveObjects: 0.138600 ms CreateObjectMapping: 0.036600 ms MarkObjects: 1.352100 ms  DeleteObjects: 0.063100 ms)

========================================================================
Received Import Request.
  Time since last request: 11.823806 seconds.
  path: Assets/Scripts
  artifactKey: Guid(998939f365fd28a47958ae2cdcc8053b) Importer(815301076,1909f56bfc062723c751e8b465ee728b)
Start importing Assets/Scripts using Guid(998939f365fd28a47958ae2cdcc8053b) Importer(815301076,1909f56bfc062723c751e8b465ee728b)  -> (artifact id: 'b16f0c1c1ae85cb48262f62cf7b9795d') in 0.007704 seconds
  Import took 0.011060 seconds .

========================================================================
Received Prepare
Registering precompiled user dll's ...
Registered in 0.000502 seconds.
Begin MonoManager ReloadAssembly
Native extension for WindowsStandalone target not found
Refreshing native plugins compatible for Editor in 0.44 ms, found 0 plugins.
Preloading 0 native plugins for Editor in 0.00 ms.
Mono: successfully reloaded assembly
- Completed reload, in  1.012 seconds
Platform modules already initialized, skipping
Refreshing native plugins compatible for Editor in 0.25 ms, found 0 plugins.
Preloading 0 native plugins for Editor in 0.00 ms.
Unloading 1111 Unused Serialized files (Serialized files now loaded: 0)
System memory in use before: 60.5 MB.
System memory in use after: 60.5 MB.

Unloading 5 unused Assets to reduce memory usage. Loaded Objects now: 1607.
Total: 3.806700 ms (FindLiveObjects: 0.146200 ms CreateObjectMapping: 0.039700 ms MarkObjects: 3.412400 ms  DeleteObjects: 0.206400 ms)

========================================================================
Received Import Request.
  Time since last request: 13.628952 seconds.
  path: Assets/Scripts/Jumper.cs
  artifactKey: Guid(cd63b3672f594cb459aaa1a1975f502e) Importer(815301076,1909f56bfc062723c751e8b465ee728b)
Start importing Assets/Scripts/Jumper.cs using Guid(cd63b3672f594cb459aaa1a1975f502e) Importer(815301076,1909f56bfc062723c751e8b465ee728b)  -> (artifact id: 'ccdea9cdad1e0ab71a233431f2378e40') in 0.017732 seconds
  Import took 0.020973 seconds .

========================================================================
Received Prepare
Registering precompiled user dll's ...
Registered in 0.000526 seconds.
Begin MonoManager ReloadAssembly
Native extension for WindowsStandalone target not found
Refreshing native plugins compatible for Editor in 0.20 ms, found 0 plugins.
Preloading 0 native plugins for Editor in 0.00 ms.
Mono: successfully reloaded assembly
- Completed reload, in  1.029 seconds
Platform modules already initialized, skipping
Refreshing native plugins compatible for Editor in 0.23 ms, found 0 plugins.
Preloading 0 native plugins for Editor in 0.00 ms.
Unloading 1111 Unused Serialized files (Serialized files now loaded: 0)
System memory in use before: 60.5 MB.
System memory in use after: 60.6 MB.

Unloading 5 unused Assets to reduce memory usage. Loaded Objects now: 1610.
Total: 2.879700 ms (FindLiveObjects: 0.157400 ms CreateObjectMapping: 0.044000 ms MarkObjects: 2.575700 ms  DeleteObjects: 0.101100 ms)

========================================================================
Received Import Request.
  Time since last request: 396.209763 seconds.
  path: ProjectSettings/TagManager.asset
  artifactKey: Guid(00000000000000003000000000000000) Importer(815301076,1909f56bfc062723c751e8b465ee728b)
Start importing ProjectSettings/TagManager.asset using Guid(00000000000000003000000000000000) Importer(815301076,1909f56bfc062723c751e8b465ee728b)  -> (artifact id: 'ce6a35c3cddc746e7501c0bd0ed6d4ce') in 0.025482 seconds
  Import took 0.028281 seconds .

========================================================================
Received Import Request.
  Time since last request: 0.018145 seconds.
  path: ProjectSettings/TagManager.asset
  artifactKey: Guid(00000000000000003000000000000000) Importer(815301076,1909f56bfc062723c751e8b465ee728b)
Start importing ProjectSettings/TagManager.asset using Guid(00000000000000003000000000000000) Importer(815301076,1909f56bfc062723c751e8b465ee728b)  -> (artifact id: 'ce6a35c3cddc746e7501c0bd0ed6d4ce') in 0.003928 seconds
  Import took 0.006500 seconds .

========================================================================
Received Import Request.
  Time since last request: 67.031648 seconds.
  path: Assets/Scripts/Jumper.cs
  artifactKey: Guid(cd63b3672f594cb459aaa1a1975f502e) Importer(815301076,1909f56bfc062723c751e8b465ee728b)
Start importing Assets/Scripts/Jumper.cs using Guid(cd63b3672f594cb459aaa1a1975f502e) Importer(815301076,1909f56bfc062723c751e8b465ee728b)  -> (artifact id: 'ae2f0b4a9557dc37379ec26054365836') in 0.004628 seconds
  Import took 0.013790 seconds .

========================================================================
Received Prepare
Registering precompiled user dll's ...
Registered in 0.000634 seconds.
Begin MonoManager ReloadAssembly
Native extension for WindowsStandalone target not found
Refreshing native plugins compatible for Editor in 0.38 ms, found 0 plugins.
Preloading 0 native plugins for Editor in 0.00 ms.
Mono: successfully reloaded assembly
- Completed reload, in  0.882 seconds
Platform modules already initialized, skipping
Refreshing native plugins compatible for Editor in 0.24 ms, found 0 plugins.
Preloading 0 native plugins for Editor in 0.00 ms.
Unloading 1111 Unused Serialized files (Serialized files now loaded: 0)
System memory in use before: 60.5 MB.
System memory in use after: 60.6 MB.

Unloading 7 unused Assets to reduce memory usage. Loaded Objects now: 1613.
Total: 1.595400 ms (FindLiveObjects: 0.122700 ms CreateObjectMapping: 0.033800 ms MarkObjects: 1.352200 ms  DeleteObjects: 0.085800 ms)

========================================================================
Received Import Request.
  Time since last request: 253.289941 seconds.
  path: Assets/Scripts/Jumper.cs
  artifactKey: Guid(cd63b3672f594cb459aaa1a1975f502e) Importer(815301076,1909f56bfc062723c751e8b465ee728b)
Start importing Assets/Scripts/Jumper.cs using Guid(cd63b3672f594cb459aaa1a1975f502e) Importer(815301076,1909f56bfc062723c751e8b465ee728b)  -> (artifact id: 'b4b8f821ba5ce3237391f51eda6d37e1') in 0.007542 seconds
  Import took 0.009912 seconds .

========================================================================
Received Prepare
Registering precompiled user dll's ...
Registered in 0.000729 seconds.
Begin MonoManager ReloadAssembly
Native extension for WindowsStandalone target not found
Refreshing native plugins compatible for Editor in 0.21 ms, found 0 plugins.
Preloading 0 native plugins for Editor in 0.00 ms.
Mono: successfully reloaded assembly
- Completed reload, in  0.946 seconds
Platform modules already initialized, skipping
Refreshing native plugins compatible for Editor in 0.21 ms, found 0 plugins.
Preloading 0 native plugins for Editor in 0.00 ms.
Unloading 1111 Unused Serialized files (Serialized files now loaded: 0)
System memory in use before: 60.5 MB.
System memory in use after: 60.6 MB.

Unloading 5 unused Assets to reduce memory usage. Loaded Objects now: 1616.
Total: 2.182400 ms (FindLiveObjects: 0.146000 ms CreateObjectMapping: 0.039400 ms MarkObjects: 1.923800 ms  DeleteObjects: 0.071800 ms)

========================================================================
Received Import Request.
  Time since last request: 423.342416 seconds.
  path: Assets/Scripts/Jumper.cs
  artifactKey: Guid(cd63b3672f594cb459aaa1a1975f502e) Importer(815301076,1909f56bfc062723c751e8b465ee728b)
Start importing Assets/Scripts/Jumper.cs using Guid(cd63b3672f594cb459aaa1a1975f502e) Importer(815301076,1909f56bfc062723c751e8b465ee728b)  -> (artifact id: '827ac418d8d44563194497862e07c65f') in 0.006650 seconds
  Import took 0.009540 seconds .

========================================================================
Received Prepare
Registering precompiled user dll's ...
Registered in 0.000635 seconds.
Begin MonoManager ReloadAssembly
Native extension for WindowsStandalone target not found
Refreshing native plugins compatible for Editor in 0.31 ms, found 0 plugins.
Preloading 0 native plugins for Editor in 0.00 ms.
Mono: successfully reloaded assembly
- Completed reload, in  0.933 seconds
Platform modules already initialized, skipping
Refreshing native plugins compatible for Editor in 0.21 ms, found 0 plugins.
Preloading 0 native plugins for Editor in 0.00 ms.
Unloading 1111 Unused Serialized files (Serialized files now loaded: 0)
System memory in use before: 60.5 MB.
System memory in use after: 60.6 MB.

Unloading 5 unused Assets to reduce memory usage. Loaded Objects now: 1619.
Total: 1.676500 ms (FindLiveObjects: 0.122200 ms CreateObjectMapping: 0.034600 ms MarkObjects: 1.426300 ms  DeleteObjects: 0.092400 ms)

========================================================================
Received Prepare
Registering precompiled user dll's ...
Registered in 0.000532 seconds.
Begin MonoManager ReloadAssembly
Native extension for WindowsStandalone target not found
Refreshing native plugins compatible for Editor in 0.21 ms, found 0 plugins.
Preloading 0 native plugins for Editor in 0.00 ms.
Mono: successfully reloaded assembly
- Completed reload, in  0.861 seconds
Platform modules already initialized, skipping
Refreshing native plugins compatible for Editor in 0.20 ms, found 0 plugins.
Preloading 0 native plugins for Editor in 0.00 ms.
Unloading 1111 Unused Serialized files (Serialized files now loaded: 0)
System memory in use before: 60.5 MB.
System memory in use after: 60.6 MB.

Unloading 5 unused Assets to reduce memory usage. Loaded Objects now: 1622.
Total: 1.784600 ms (FindLiveObjects: 0.128900 ms CreateObjectMapping: 0.035200 ms MarkObjects: 1.531100 ms  DeleteObjects: 0.088400 ms)

========================================================================
Received Prepare
Registering precompiled user dll's ...
Registered in 0.000591 seconds.
Begin MonoManager ReloadAssembly
Native extension for WindowsStandalone target not found
Refreshing native plugins compatible for Editor in 0.34 ms, found 0 plugins.
Preloading 0 native plugins for Editor in 0.00 ms.
Mono: successfully reloaded assembly
- Completed reload, in  0.825 seconds
Platform modules already initialized, skipping
Refreshing native plugins compatible for Editor in 0.45 ms, found 0 plugins.
Preloading 0 native plugins for Editor in 0.00 ms.
Unloading 1111 Unused Serialized files (Serialized files now loaded: 0)
System memory in use before: 60.5 MB.
System memory in use after: 60.6 MB.

Unloading 5 unused Assets to reduce memory usage. Loaded Objects now: 1625.
Total: 2.325900 ms (FindLiveObjects: 0.186500 ms CreateObjectMapping: 0.042500 ms MarkObjects: 1.974400 ms  DeleteObjects: 0.121300 ms)

========================================================================
Received Prepare
Registering precompiled user dll's ...
Registered in 0.000518 seconds.
Begin MonoManager ReloadAssembly
Native extension for WindowsStandalone target not found
Refreshing native plugins compatible for Editor in 0.20 ms, found 0 plugins.
Preloading 0 native plugins for Editor in 0.00 ms.
Mono: successfully reloaded assembly
- Completed reload, in  0.834 seconds
Platform modules already initialized, skipping
Refreshing native plugins compatible for Editor in 0.22 ms, found 0 plugins.
Preloading 0 native plugins for Editor in 0.00 ms.
Unloading 1111 Unused Serialized files (Serialized files now loaded: 0)
System memory in use before: 60.6 MB.
System memory in use after: 60.6 MB.

Unloading 5 unused Assets to reduce memory usage. Loaded Objects now: 1628.
Total: 2.242600 ms (FindLiveObjects: 0.126300 ms CreateObjectMapping: 0.034000 ms MarkObjects: 1.959600 ms  DeleteObjects: 0.121600 ms)

========================================================================
Received Prepare
Registering precompiled user dll's ...
Registered in 0.000675 seconds.
Begin MonoManager ReloadAssembly
Native extension for WindowsStandalone target not found
Refreshing native plugins compatible for Editor in 0.37 ms, found 0 plugins.
Preloading 0 native plugins for Editor in 0.00 ms.
Mono: successfully reloaded assembly
- Completed reload, in  0.847 seconds
Platform modules already initialized, skipping
Refreshing native plugins compatible for Editor in 0.20 ms, found 0 plugins.
Preloading 0 native plugins for Editor in 0.00 ms.
Unloading 1111 Unused Serialized files (Serialized files now loaded: 0)
System memory in use before: 60.6 MB.
System memory in use after: 60.6 MB.

Unloading 5 unused Assets to reduce memory usage. Loaded Objects now: 1631.
Total: 1.802000 ms (FindLiveObjects: 0.124100 ms CreateObjectMapping: 0.034300 ms MarkObjects: 1.540900 ms  DeleteObjects: 0.101500 ms)

========================================================================
Received Prepare
Registering precompiled user dll's ...
Registered in 0.000647 seconds.
Begin MonoManager ReloadAssembly
Native extension for WindowsStandalone target not found
Refreshing native plugins compatible for Editor in 0.20 ms, found 0 plugins.
Preloading 0 native plugins for Editor in 0.00 ms.
Mono: successfully reloaded assembly
- Completed reload, in  0.832 seconds
Platform modules already initialized, skipping
Refreshing native plugins compatible for Editor in 0.19 ms, found 0 plugins.
Preloading 0 native plugins for Editor in 0.00 ms.
Unloading 1111 Unused Serialized files (Serialized files now loaded: 0)
System memory in use before: 60.6 MB.
System memory in use after: 60.6 MB.

Unloading 5 unused Assets to reduce memory usage. Loaded Objects now: 1634.
Total: 1.893300 ms (FindLiveObjects: 0.128700 ms CreateObjectMapping: 0.034800 ms MarkObjects: 1.649800 ms  DeleteObjects: 0.078900 ms)

========================================================================
Received Prepare
Registering precompiled user dll's ...
Registered in 0.000905 seconds.
Begin MonoManager ReloadAssembly
Native extension for WindowsStandalone target not found
Refreshing native plugins compatible for Editor in 0.24 ms, found 0 plugins.
Preloading 0 native plugins for Editor in 0.00 ms.
Mono: successfully reloaded assembly
- Completed reload, in  0.856 seconds
Platform modules already initialized, skipping
Refreshing native plugins compatible for Editor in 0.24 ms, found 0 plugins.
Preloading 0 native plugins for Editor in 0.00 ms.
Unloading 1111 Unused Serialized files (Serialized files now loaded: 0)
System memory in use before: 60.6 MB.
System memory in use after: 60.6 MB.

Unloading 5 unused Assets to reduce memory usage. Loaded Objects now: 1637.
Total: 1.702100 ms (FindLiveObjects: 0.165500 ms CreateObjectMapping: 0.039100 ms MarkObjects: 1.418200 ms  DeleteObjects: 0.078400 ms)

========================================================================
Received Prepare
Registering precompiled user dll's ...
Registered in 0.000761 seconds.
Begin MonoManager ReloadAssembly
Native extension for WindowsStandalone target not found
Refreshing native plugins compatible for Editor in 0.33 ms, found 0 plugins.
Preloading 0 native plugins for Editor in 0.00 ms.
Mono: successfully reloaded assembly
- Completed reload, in  0.853 seconds
Platform modules already initialized, skipping
Refreshing native plugins compatible for Editor in 0.23 ms, found 0 plugins.
Preloading 0 native plugins for Editor in 0.00 ms.
Unloading 1111 Unused Serialized files (Serialized files now loaded: 0)
System memory in use before: 60.6 MB.
System memory in use after: 60.6 MB.

Unloading 5 unused Assets to reduce memory usage. Loaded Objects now: 1640.
Total: 1.824800 ms (FindLiveObjects: 0.134200 ms CreateObjectMapping: 0.038000 ms MarkObjects: 1.562400 ms  DeleteObjects: 0.089000 ms)

========================================================================
Received Prepare
Registering precompiled user dll's ...
Registered in 0.000544 seconds.
Begin MonoManager ReloadAssembly
Native extension for WindowsStandalone target not found
Refreshing native plugins compatible for Editor in 0.20 ms, found 0 plugins.
Preloading 0 native plugins for Editor in 0.00 ms.
Mono: successfully reloaded assembly
- Completed reload, in  0.845 seconds
Platform modules already initialized, skipping
Refreshing native plugins compatible for Editor in 0.24 ms, found 0 plugins.
Preloading 0 native plugins for Editor in 0.00 ms.
Unloading 1111 Unused Serialized files (Serialized files now loaded: 0)
System memory in use before: 60.6 MB.
System memory in use after: 60.7 MB.

Unloading 5 unused Assets to reduce memory usage. Loaded Objects now: 1643.
Total: 1.682000 ms (FindLiveObjects: 0.122000 ms CreateObjectMapping: 0.032500 ms MarkObjects: 1.441800 ms  DeleteObjects: 0.084700 ms)

========================================================================
Received Import Request.
  Time since last request: 452.224706 seconds.
  path: Assets/Materials/Red.mat
  artifactKey: Guid(1ec7fe22630ef544dbe1bb1343bcc832) Importer(815301076,1909f56bfc062723c751e8b465ee728b)
Start importing Assets/Materials/Red.mat using Guid(1ec7fe22630ef544dbe1bb1343bcc832) Importer(815301076,1909f56bfc062723c751e8b465ee728b)  -> (artifact id: '0d7b0223104940974055c13db42e26be') in 0.092519 seconds
  Import took 0.095290 seconds .

========================================================================
Received Prepare
Registering precompiled user dll's ...
Registered in 0.000905 seconds.
Begin MonoManager ReloadAssembly
Native extension for WindowsStandalone target not found
Refreshing native plugins compatible for Editor in 0.19 ms, found 0 plugins.
Preloading 0 native plugins for Editor in 0.00 ms.
Mono: successfully reloaded assembly
- Completed reload, in  0.792 seconds
Platform modules already initialized, skipping
Refreshing native plugins compatible for Editor in 0.20 ms, found 0 plugins.
Preloading 0 native plugins for Editor in 0.00 ms.
Unloading 1111 Unused Serialized files (Serialized files now loaded: 0)
System memory in use before: 60.6 MB.
System memory in use after: 60.7 MB.

Unloading 5 unused Assets to reduce memory usage. Loaded Objects now: 1647.
Total: 1.653600 ms (FindLiveObjects: 0.129500 ms CreateObjectMapping: 0.036200 ms MarkObjects: 1.407800 ms  DeleteObjects: 0.079200 ms)

========================================================================
Received Import Request.
  Time since last request: 13.588485 seconds.
  path: Assets/Materials/Alpha.mat
  artifactKey: Guid(db8b5378c7d18764bb3905fdaf9b93c0) Importer(815301076,1909f56bfc062723c751e8b465ee728b)
Start importing Assets/Materials/Alpha.mat using Guid(db8b5378c7d18764bb3905fdaf9b93c0) Importer(815301076,1909f56bfc062723c751e8b465ee728b)  -> (artifact id: '02859a8d98d1bbceb823bd3e8fbd9b05') in 0.069004 seconds
  Import took 0.071289 seconds .

========================================================================
Received Import Request.
  Time since last request: 497.312307 seconds.
  path: Assets/Materials/Alpha.mat
  artifactKey: Guid(db8b5378c7d18764bb3905fdaf9b93c0) Importer(815301076,1909f56bfc062723c751e8b465ee728b)
Start importing Assets/Materials/Alpha.mat using Guid(db8b5378c7d18764bb3905fdaf9b93c0) Importer(815301076,1909f56bfc062723c751e8b465ee728b)  -> (artifact id: '227d3cf13753bb56cf3d246c3fab649b') in 0.042846 seconds
  Import took 0.047764 seconds .

========================================================================
Received Prepare
Registering precompiled user dll's ...
Registered in 0.000549 seconds.
Begin MonoManager ReloadAssembly
Native extension for WindowsStandalone target not found
Refreshing native plugins compatible for Editor in 0.31 ms, found 0 plugins.
Preloading 0 native plugins for Editor in 0.00 ms.
Mono: successfully reloaded assembly
- Completed reload, in  0.869 seconds
Platform modules already initialized, skipping
Refreshing native plugins compatible for Editor in 0.20 ms, found 0 plugins.
Preloading 0 native plugins for Editor in 0.00 ms.
Unloading 1111 Unused Serialized files (Serialized files now loaded: 0)
System memory in use before: 60.6 MB.
System memory in use after: 60.7 MB.

Unloading 5 unused Assets to reduce memory usage. Loaded Objects now: 1651.
Total: 1.945600 ms (FindLiveObjects: 0.156000 ms CreateObjectMapping: 0.037600 ms MarkObjects: 1.657500 ms  DeleteObjects: 0.093500 ms)

========================================================================
Received Prepare
Registering precompiled user dll's ...
Registered in 0.000763 seconds.
Begin MonoManager ReloadAssembly
Native extension for WindowsStandalone target not found
Refreshing native plugins compatible for Editor in 0.39 ms, found 0 plugins.
Preloading 0 native plugins for Editor in 0.00 ms.
Mono: successfully reloaded assembly
- Completed reload, in  0.846 seconds
Platform modules already initialized, skipping
Refreshing native plugins compatible for Editor in 0.20 ms, found 0 plugins.
Preloading 0 native plugins for Editor in 0.00 ms.
Unloading 1111 Unused Serialized files (Serialized files now loaded: 0)
System memory in use before: 60.6 MB.
System memory in use after: 60.7 MB.

Unloading 5 unused Assets to reduce memory usage. Loaded Objects now: 1654.
Total: 2.172600 ms (FindLiveObjects: 0.139700 ms CreateObjectMapping: 0.035700 ms MarkObjects: 1.874800 ms  DeleteObjects: 0.121400 ms)

========================================================================
Received Prepare
Registering precompiled user dll's ...
Registered in 0.000536 seconds.
Begin MonoManager ReloadAssembly
Native extension for WindowsStandalone target not found
Refreshing native plugins compatible for Editor in 0.20 ms, found 0 plugins.
Preloading 0 native plugins for Editor in 0.00 ms.
Mono: successfully reloaded assembly
- Completed reload, in  0.846 seconds
Platform modules already initialized, skipping
Refreshing native plugins compatible for Editor in 0.20 ms, found 0 plugins.
Preloading 0 native plugins for Editor in 0.00 ms.
Unloading 1111 Unused Serialized files (Serialized files now loaded: 0)
System memory in use before: 60.6 MB.
System memory in use after: 60.7 MB.

Unloading 5 unused Assets to reduce memory usage. Loaded Objects now: 1657.
Total: 1.866100 ms (FindLiveObjects: 0.129600 ms CreateObjectMapping: 0.036900 ms MarkObjects: 1.596700 ms  DeleteObjects: 0.101800 ms)

========================================================================
Received Prepare
Registering precompiled user dll's ...
Registered in 0.000637 seconds.
Begin MonoManager ReloadAssembly
Native extension for WindowsStandalone target not found
Refreshing native plugins compatible for Editor in 0.21 ms, found 0 plugins.
Preloading 0 native plugins for Editor in 0.00 ms.
Mono: successfully reloaded assembly
- Completed reload, in  0.861 seconds
Platform modules already initialized, skipping
Refreshing native plugins compatible for Editor in 0.33 ms, found 0 plugins.
Preloading 0 native plugins for Editor in 0.00 ms.
Unloading 1111 Unused Serialized files (Serialized files now loaded: 0)
System memory in use before: 60.6 MB.
System memory in use after: 60.7 MB.

Unloading 5 unused Assets to reduce memory usage. Loaded Objects now: 1660.
Total: 2.453700 ms (FindLiveObjects: 0.315000 ms CreateObjectMapping: 0.060500 ms MarkObjects: 2.002800 ms  DeleteObjects: 0.073600 ms)

========================================================================
Received Import Request.
  Time since last request: 307.828111 seconds.
  path: Assets/Materials/Yellow.mat
  artifactKey: Guid(a09c3c3976637234a8f40db811dd0132) Importer(815301076,1909f56bfc062723c751e8b465ee728b)
Start importing Assets/Materials/Yellow.mat using Guid(a09c3c3976637234a8f40db811dd0132) Importer(815301076,1909f56bfc062723c751e8b465ee728b)  -> (artifact id: '37b084ffab9bde9aba3991d6f72046e9') in 0.074046 seconds
  Import took 0.076354 seconds .

========================================================================
Received Import Request.
  Time since last request: 67.784891 seconds.
  path: Assets/Materials/Green.mat
  artifactKey: Guid(270ddc97d5779d14bbd358600cc13186) Importer(815301076,1909f56bfc062723c751e8b465ee728b)
Start importing Assets/Materials/Green.mat using Guid(270ddc97d5779d14bbd358600cc13186) Importer(815301076,1909f56bfc062723c751e8b465ee728b)  -> (artifact id: 'b1ff4602aacd0fb1b6c285f96fb3523d') in 0.021517 seconds
  Import took 0.023900 seconds .

========================================================================
Received Import Request.
  Time since last request: 67.382059 seconds.
  path: Assets/Physics
  artifactKey: Guid(0280ffc62777f17428f74d6aedc1e9af) Importer(815301076,1909f56bfc062723c751e8b465ee728b)
Start importing Assets/Physics using Guid(0280ffc62777f17428f74d6aedc1e9af) Importer(815301076,1909f56bfc062723c751e8b465ee728b)  -> (artifact id: '85abaac4ead6b5a134952423722d8403') in 0.011344 seconds
  Import took 0.014483 seconds .

========================================================================
Received Import Request.
  Time since last request: 13.540514 seconds.
  path: Assets/Physics/Ball.physicMaterial
  artifactKey: Guid(9920903bd20aaa84eadab6b878ca768f) Importer(815301076,1909f56bfc062723c751e8b465ee728b)
Start importing Assets/Physics/Ball.physicMaterial using Guid(9920903bd20aaa84eadab6b878ca768f) Importer(815301076,1909f56bfc062723c751e8b465ee728b)  -> (artifact id: 'd6c38beaacdda31bc953c44134277d27') in 0.015707 seconds
  Import took 0.019137 seconds .

========================================================================
Received Import Request.
  Time since last request: 0.003245 seconds.
  path: Assets/Physics/Ball.physicMaterial
  artifactKey: Guid(9920903bd20aaa84eadab6b878ca768f) Importer(815301076,1909f56bfc062723c751e8b465ee728b)
Start importing Assets/Physics/Ball.physicMaterial using Guid(9920903bd20aaa84eadab6b878ca768f) Importer(815301076,1909f56bfc062723c751e8b465ee728b)  -> (artifact id: 'd6c38beaacdda31bc953c44134277d27') in 0.004661 seconds
  Import took 0.007156 seconds .

========================================================================
Received Import Request.
  Time since last request: 68.059804 seconds.
  path: Assets/Physics/Ball 1.physicMaterial
  artifactKey: Guid(31d6ed5405cb9ce4fa30e031289f30a4) Importer(815301076,1909f56bfc062723c751e8b465ee728b)
Start importing Assets/Physics/Ball 1.physicMaterial using Guid(31d6ed5405cb9ce4fa30e031289f30a4) Importer(815301076,1909f56bfc062723c751e8b465ee728b)  -> (artifact id: 'cd85b8b958478cc86c2888b785f4716d') in 0.009975 seconds
  Import took 0.012182 seconds .

========================================================================
Received Import Request.
  Time since last request: 0.006504 seconds.
  path: Assets/Physics/Ball 1.physicMaterial
  artifactKey: Guid(31d6ed5405cb9ce4fa30e031289f30a4) Importer(815301076,1909f56bfc062723c751e8b465ee728b)
Start importing Assets/Physics/Ball 1.physicMaterial using Guid(31d6ed5405cb9ce4fa30e031289f30a4) Importer(815301076,1909f56bfc062723c751e8b465ee728b)  -> (artifact id: 'cd85b8b958478cc86c2888b785f4716d') in 0.004549 seconds
  Import took 0.007978 seconds .

========================================================================
Received Import Request.
  Time since last request: 0.000345 seconds.
  path: Assets/Physics/Ball.physicMaterial
  artifactKey: Guid(9920903bd20aaa84eadab6b878ca768f) Importer(815301076,1909f56bfc062723c751e8b465ee728b)
Start importing Assets/Physics/Ball.physicMaterial using Guid(9920903bd20aaa84eadab6b878ca768f) Importer(815301076,1909f56bfc062723c751e8b465ee728b)  -> (artifact id: '10e97b6d6c21f7f43e00803bc42c40e9') in 0.004710 seconds
  Import took 0.007590 seconds .

========================================================================
Received Import Request.
  Time since last request: 7.146825 seconds.
  path: Assets/Physics/Balk.physicMaterial
  artifactKey: Guid(31d6ed5405cb9ce4fa30e031289f30a4) Importer(815301076,1909f56bfc062723c751e8b465ee728b)
Start importing Assets/Physics/Balk.physicMaterial using Guid(31d6ed5405cb9ce4fa30e031289f30a4) Importer(815301076,1909f56bfc062723c751e8b465ee728b)  -> (artifact id: 'b85ba800d3902353973a0ac130922f05') in 0.008157 seconds
  Import took 0.011216 seconds .

========================================================================
Received Import Request.
  Time since last request: 0.010549 seconds.
  path: Assets/Physics/Balk.physicMaterial
  artifactKey: Guid(31d6ed5405cb9ce4fa30e031289f30a4) Importer(815301076,1909f56bfc062723c751e8b465ee728b)
Start importing Assets/Physics/Balk.physicMaterial using Guid(31d6ed5405cb9ce4fa30e031289f30a4) Importer(815301076,1909f56bfc062723c751e8b465ee728b)  -> (artifact id: 'b85ba800d3902353973a0ac130922f05') in 0.003891 seconds
  Import took 0.006487 seconds .

========================================================================
Received Import Request.
  Time since last request: 18.895057 seconds.
  path: Assets/Physics/Balk 1.physicMaterial
  artifactKey: Guid(7279d1d3d762bb84fa28e7706d162296) Importer(815301076,1909f56bfc062723c751e8b465ee728b)
Start importing Assets/Physics/Balk 1.physicMaterial using Guid(7279d1d3d762bb84fa28e7706d162296) Importer(815301076,1909f56bfc062723c751e8b465ee728b)  -> (artifact id: 'c9a02ee8dd6627ce7e01b6a0f324cd23') in 0.010396 seconds
  Import took 0.012973 seconds .

========================================================================
Received Import Request.
  Time since last request: 0.007625 seconds.
  path: Assets/Physics/Balk 1.physicMaterial
  artifactKey: Guid(7279d1d3d762bb84fa28e7706d162296) Importer(815301076,1909f56bfc062723c751e8b465ee728b)
Start importing Assets/Physics/Balk 1.physicMaterial using Guid(7279d1d3d762bb84fa28e7706d162296) Importer(815301076,1909f56bfc062723c751e8b465ee728b)  -> (artifact id: 'c9a02ee8dd6627ce7e01b6a0f324cd23') in 0.006348 seconds
  Import took 0.009264 seconds .

========================================================================
Received Import Request.
  Time since last request: 0.000373 seconds.
  path: Assets/Physics/Balk.physicMaterial
  artifactKey: Guid(31d6ed5405cb9ce4fa30e031289f30a4) Importer(815301076,1909f56bfc062723c751e8b465ee728b)
Start importing Assets/Physics/Balk.physicMaterial using Guid(31d6ed5405cb9ce4fa30e031289f30a4) Importer(815301076,1909f56bfc062723c751e8b465ee728b)  -> (artifact id: '2286802f6dc2c7ac5b5ee73e8f01b7d1') in 0.003568 seconds
  Import took 0.006252 seconds .

========================================================================
Received Import Request.
  Time since last request: 0.019276 seconds.
  path: Assets/Physics/Balk.physicMaterial
  artifactKey: Guid(31d6ed5405cb9ce4fa30e031289f30a4) Importer(815301076,1909f56bfc062723c751e8b465ee728b)
Start importing Assets/Physics/Balk.physicMaterial using Guid(31d6ed5405cb9ce4fa30e031289f30a4) Importer(815301076,1909f56bfc062723c751e8b465ee728b)  -> (artifact id: '2286802f6dc2c7ac5b5ee73e8f01b7d1') in 0.006295 seconds
  Import took 0.009005 seconds .

========================================================================
Received Import Request.
  Time since last request: 13.301789 seconds.
  path: Assets/Physics/Red Capsules.physicMaterial
  artifactKey: Guid(7279d1d3d762bb84fa28e7706d162296) Importer(815301076,1909f56bfc062723c751e8b465ee728b)
Start importing Assets/Physics/Red Capsules.physicMaterial using Guid(7279d1d3d762bb84fa28e7706d162296) Importer(815301076,1909f56bfc062723c751e8b465ee728b)  -> (artifact id: 'a6064e417c8245f29d8c7a4d9b89d887') in 0.009548 seconds
  Import took 0.012249 seconds .

========================================================================
Received Import Request.
  Time since last request: 0.014510 seconds.
  path: Assets/Physics/Red Capsules.physicMaterial
  artifactKey: Guid(7279d1d3d762bb84fa28e7706d162296) Importer(815301076,1909f56bfc062723c751e8b465ee728b)
Start importing Assets/Physics/Red Capsules.physicMaterial using Guid(7279d1d3d762bb84fa28e7706d162296) Importer(815301076,1909f56bfc062723c751e8b465ee728b)  -> (artifact id: 'a6064e417c8245f29d8c7a4d9b89d887') in 0.005053 seconds
  Import took 0.007803 seconds .

========================================================================
Received Import Request.
  Time since last request: 38.963048 seconds.
  path: Assets/Physics/Red Capsules 1.physicMaterial
  artifactKey: Guid(bffe8b37b4cd72d4ea3b10f76b6e8f0b) Importer(815301076,1909f56bfc062723c751e8b465ee728b)
Start importing Assets/Physics/Red Capsules 1.physicMaterial using Guid(bffe8b37b4cd72d4ea3b10f76b6e8f0b) Importer(815301076,1909f56bfc062723c751e8b465ee728b)  -> (artifact id: '9ac10bd4bcead7e002e2153978f5f2a4') in 0.010780 seconds
  Import took 0.013199 seconds .

========================================================================
Received Import Request.
  Time since last request: 0.005733 seconds.
  path: Assets/Physics/Red Capsules 1.physicMaterial
  artifactKey: Guid(bffe8b37b4cd72d4ea3b10f76b6e8f0b) Importer(815301076,1909f56bfc062723c751e8b465ee728b)
Start importing Assets/Physics/Red Capsules 1.physicMaterial using Guid(bffe8b37b4cd72d4ea3b10f76b6e8f0b) Importer(815301076,1909f56bfc062723c751e8b465ee728b)  -> (artifact id: '9ac10bd4bcead7e002e2153978f5f2a4') in 0.004919 seconds
  Import took 0.008427 seconds .

========================================================================
Received Import Request.
  Time since last request: 0.000509 seconds.
  path: Assets/Physics/Red Capsules.physicMaterial
  artifactKey: Guid(7279d1d3d762bb84fa28e7706d162296) Importer(815301076,1909f56bfc062723c751e8b465ee728b)
Start importing Assets/Physics/Red Capsules.physicMaterial using Guid(7279d1d3d762bb84fa28e7706d162296) Importer(815301076,1909f56bfc062723c751e8b465ee728b)  -> (artifact id: 'fe06385133cf9278aca92bc4eb83a307') in 0.003438 seconds
  Import took 0.006395 seconds .

========================================================================
Received Import Request.
  Time since last request: 0.015927 seconds.
  path: Assets/Physics/Red Capsules.physicMaterial
  artifactKey: Guid(7279d1d3d762bb84fa28e7706d162296) Importer(815301076,1909f56bfc062723c751e8b465ee728b)
Start importing Assets/Physics/Red Capsules.physicMaterial using Guid(7279d1d3d762bb84fa28e7706d162296) Importer(815301076,1909f56bfc062723c751e8b465ee728b)  -> (artifact id: 'fe06385133cf9278aca92bc4eb83a307') in 0.004152 seconds
  Import took 0.007089 seconds .

========================================================================
Received Import Request.
  Time since last request: 10.758339 seconds.
  path: Assets/Physics/Green Capsules.physicMaterial
  artifactKey: Guid(7279d1d3d762bb84fa28e7706d162296) Importer(815301076,1909f56bfc062723c751e8b465ee728b)
Start importing Assets/Physics/Green Capsules.physicMaterial using Guid(7279d1d3d762bb84fa28e7706d162296) Importer(815301076,1909f56bfc062723c751e8b465ee728b)  -> (artifact id: 'bfd3a9d45fc06d606cccc8949488a0f8') in 0.010382 seconds
  Import took 0.013538 seconds .

========================================================================
Received Import Request.
  Time since last request: 0.006445 seconds.
  path: Assets/Physics/Green Capsules.physicMaterial
  artifactKey: Guid(7279d1d3d762bb84fa28e7706d162296) Importer(815301076,1909f56bfc062723c751e8b465ee728b)
Start importing Assets/Physics/Green Capsules.physicMaterial using Guid(7279d1d3d762bb84fa28e7706d162296) Importer(815301076,1909f56bfc062723c751e8b465ee728b)  -> (artifact id: 'bfd3a9d45fc06d606cccc8949488a0f8') in 0.003490 seconds
  Import took 0.006615 seconds .

========================================================================
Received Import Request.
  Time since last request: 21.639303 seconds.
  path: Assets/Physics/Green Capsules.physicMaterial
  artifactKey: Guid(7279d1d3d762bb84fa28e7706d162296) Importer(815301076,1909f56bfc062723c751e8b465ee728b)
Start importing Assets/Physics/Green Capsules.physicMaterial using Guid(7279d1d3d762bb84fa28e7706d162296) Importer(815301076,1909f56bfc062723c751e8b465ee728b)  -> (artifact id: '72905d181433e2173cd551eed3bb1938') in 0.003899 seconds
  Import took 0.007058 seconds .

========================================================================
Received Import Request.
  Time since last request: 0.011992 seconds.
  path: Assets/Physics/Green Capsules.physicMaterial
  artifactKey: Guid(7279d1d3d762bb84fa28e7706d162296) Importer(815301076,1909f56bfc062723c751e8b465ee728b)
Start importing Assets/Physics/Green Capsules.physicMaterial using Guid(7279d1d3d762bb84fa28e7706d162296) Importer(815301076,1909f56bfc062723c751e8b465ee728b)  -> (artifact id: '72905d181433e2173cd551eed3bb1938') in 0.004186 seconds
  Import took 0.007879 seconds .

========================================================================
Received Import Request.
  Time since last request: 0.000594 seconds.
  path: Assets/Physics/Red Capsules 1.physicMaterial
  artifactKey: Guid(bffe8b37b4cd72d4ea3b10f76b6e8f0b) Importer(815301076,1909f56bfc062723c751e8b465ee728b)
Start importing Assets/Physics/Red Capsules 1.physicMaterial using Guid(bffe8b37b4cd72d4ea3b10f76b6e8f0b) Importer(815301076,1909f56bfc062723c751e8b465ee728b)  -> (artifact id: '7135605f741ebdf5f5a9e1f3e690c939') in 0.003412 seconds
  Import took 0.006444 seconds .

========================================================================
Received Import Request.
  Time since last request: 8.847847 seconds.
  path: Assets/Physics/Green Capsules 1.physicMaterial
  artifactKey: Guid(bc547a758d7f6784f83462e769255816) Importer(815301076,1909f56bfc062723c751e8b465ee728b)
Start importing Assets/Physics/Green Capsules 1.physicMaterial using Guid(bc547a758d7f6784f83462e769255816) Importer(815301076,1909f56bfc062723c751e8b465ee728b)  -> (artifact id: 'e3127b32f085f681e74c4fd52c6359b0') in 0.009995 seconds
  Import took 0.013516 seconds .

========================================================================
Received Import Request.
  Time since last request: 0.005805 seconds.
  path: Assets/Physics/Green Capsules 1.physicMaterial
  artifactKey: Guid(bc547a758d7f6784f83462e769255816) Importer(815301076,1909f56bfc062723c751e8b465ee728b)
Start importing Assets/Physics/Green Capsules 1.physicMaterial using Guid(bc547a758d7f6784f83462e769255816) Importer(815301076,1909f56bfc062723c751e8b465ee728b)  -> (artifact id: 'e3127b32f085f681e74c4fd52c6359b0') in 0.004485 seconds
  Import took 0.007237 seconds .

========================================================================
Received Import Request.
  Time since last request: 44.139939 seconds.
  path: Assets/Physics/Yellow Capsules.physicMaterial
  artifactKey: Guid(bc547a758d7f6784f83462e769255816) Importer(815301076,1909f56bfc062723c751e8b465ee728b)
Start importing Assets/Physics/Yellow Capsules.physicMaterial using Guid(bc547a758d7f6784f83462e769255816) Importer(815301076,1909f56bfc062723c751e8b465ee728b)  -> (artifact id: '80895ccb9855bab143fe266aeaaf70b6') in 0.011371 seconds
  Import took 0.014207 seconds .

========================================================================
Received Import Request.
  Time since last request: 0.006329 seconds.
  path: Assets/Physics/Yellow Capsules.physicMaterial
  artifactKey: Guid(bc547a758d7f6784f83462e769255816) Importer(815301076,1909f56bfc062723c751e8b465ee728b)
Start importing Assets/Physics/Yellow Capsules.physicMaterial using Guid(bc547a758d7f6784f83462e769255816) Importer(815301076,1909f56bfc062723c751e8b465ee728b)  -> (artifact id: '80895ccb9855bab143fe266aeaaf70b6') in 0.005030 seconds
  Import took 0.009165 seconds .

========================================================================
Received Import Request.
  Time since last request: 8.404921 seconds.
  path: Assets/Physics/Red Capsules.physicMaterial
  artifactKey: Guid(bffe8b37b4cd72d4ea3b10f76b6e8f0b) Importer(815301076,1909f56bfc062723c751e8b465ee728b)
Start importing Assets/Physics/Red Capsules.physicMaterial using Guid(bffe8b37b4cd72d4ea3b10f76b6e8f0b) Importer(815301076,1909f56bfc062723c751e8b465ee728b)  -> (artifact id: 'ef0195fbce2fd4f7e01ec067972c5816') in 0.003448 seconds
  Import took 0.005541 seconds .

========================================================================
Received Import Request.
  Time since last request: 0.013955 seconds.
  path: Assets/Physics/Red Capsules.physicMaterial
  artifactKey: Guid(bffe8b37b4cd72d4ea3b10f76b6e8f0b) Importer(815301076,1909f56bfc062723c751e8b465ee728b)
Start importing Assets/Physics/Red Capsules.physicMaterial using Guid(bffe8b37b4cd72d4ea3b10f76b6e8f0b) Importer(815301076,1909f56bfc062723c751e8b465ee728b)  -> (artifact id: 'ef0195fbce2fd4f7e01ec067972c5816') in 0.004997 seconds
  Import took 0.009874 seconds .

========================================================================
Received Import Request.
  Time since last request: 40.962173 seconds.
  path: Assets/Physics/Yellow Capsules.physicMaterial
  artifactKey: Guid(bc547a758d7f6784f83462e769255816) Importer(815301076,1909f56bfc062723c751e8b465ee728b)
Start importing Assets/Physics/Yellow Capsules.physicMaterial using Guid(bc547a758d7f6784f83462e769255816) Importer(815301076,1909f56bfc062723c751e8b465ee728b)  -> (artifact id: '52774b0b223deba5add574f5e27864bd') in 0.005342 seconds
  Import took 0.010734 seconds .

========================================================================
Received Import Request.
  Time since last request: 0.018686 seconds.
  path: Assets/Physics/Yellow Capsules.physicMaterial
  artifactKey: Guid(bc547a758d7f6784f83462e769255816) Importer(815301076,1909f56bfc062723c751e8b465ee728b)
Start importing Assets/Physics/Yellow Capsules.physicMaterial using Guid(bc547a758d7f6784f83462e769255816) Importer(815301076,1909f56bfc062723c751e8b465ee728b)  -> (artifact id: '52774b0b223deba5add574f5e27864bd') in 0.005689 seconds
  Import took 0.009204 seconds .

========================================================================
Received Prepare
Registering precompiled user dll's ...
Registered in 0.001297 seconds.
Begin MonoManager ReloadAssembly
Native extension for WindowsStandalone target not found
Refreshing native plugins compatible for Editor in 0.34 ms, found 0 plugins.
Preloading 0 native plugins for Editor in 0.00 ms.
Mono: successfully reloaded assembly
- Completed reload, in  0.885 seconds
Platform modules already initialized, skipping
Refreshing native plugins compatible for Editor in 0.20 ms, found 0 plugins.
Preloading 0 native plugins for Editor in 0.00 ms.
Unloading 1111 Unused Serialized files (Serialized files now loaded: 0)
System memory in use before: 60.7 MB.
System memory in use after: 60.7 MB.

Unloading 5 unused Assets to reduce memory usage. Loaded Objects now: 1664.
Total: 2.011300 ms (FindLiveObjects: 0.222600 ms CreateObjectMapping: 0.060000 ms MarkObjects: 1.637500 ms  DeleteObjects: 0.090100 ms)

========================================================================
Received Prepare
Registering precompiled user dll's ...
Registered in 0.000560 seconds.
Begin MonoManager ReloadAssembly
Native extension for WindowsStandalone target not found
Refreshing native plugins compatible for Editor in 0.20 ms, found 0 plugins.
Preloading 0 native plugins for Editor in 0.00 ms.
Mono: successfully reloaded assembly
- Completed reload, in  0.817 seconds
Platform modules already initialized, skipping
Refreshing native plugins compatible for Editor in 0.25 ms, found 0 plugins.
Preloading 0 native plugins for Editor in 0.00 ms.
Unloading 1111 Unused Serialized files (Serialized files now loaded: 0)
System memory in use before: 60.7 MB.
System memory in use after: 60.7 MB.

Unloading 5 unused Assets to reduce memory usage. Loaded Objects now: 1667.
Total: 2.039200 ms (FindLiveObjects: 0.138600 ms CreateObjectMapping: 0.035800 ms MarkObjects: 1.777700 ms  DeleteObjects: 0.085400 ms)

========================================================================
Received Prepare
Registering precompiled user dll's ...
Registered in 0.000534 seconds.
Begin MonoManager ReloadAssembly
Native extension for WindowsStandalone target not found
Refreshing native plugins compatible for Editor in 0.52 ms, found 0 plugins.
Preloading 0 native plugins for Editor in 0.00 ms.
Mono: successfully reloaded assembly
- Completed reload, in  1.178 seconds
Platform modules already initialized, skipping
Refreshing native plugins compatible for Editor in 0.25 ms, found 0 plugins.
Preloading 0 native plugins for Editor in 0.00 ms.
Unloading 1111 Unused Serialized files (Serialized files now loaded: 0)
System memory in use before: 60.7 MB.
System memory in use after: 60.7 MB.

Unloading 5 unused Assets to reduce memory usage. Loaded Objects now: 1670.
Total: 1.928500 ms (FindLiveObjects: 0.140900 ms CreateObjectMapping: 0.032800 ms MarkObjects: 1.666700 ms  DeleteObjects: 0.087100 ms)

========================================================================
Received Prepare
Registering precompiled user dll's ...
Registered in 0.000515 seconds.
Begin MonoManager ReloadAssembly
Native extension for WindowsStandalone target not found
Refreshing native plugins compatible for Editor in 0.20 ms, found 0 plugins.
Preloading 0 native plugins for Editor in 0.00 ms.
Mono: successfully reloaded assembly
- Completed reload, in  0.825 seconds
Platform modules already initialized, skipping
Refreshing native plugins compatible for Editor in 0.61 ms, found 0 plugins.
Preloading 0 native plugins for Editor in 0.00 ms.
Unloading 1111 Unused Serialized files (Serialized files now loaded: 0)
System memory in use before: 60.7 MB.
System memory in use after: 60.8 MB.

Unloading 5 unused Assets to reduce memory usage. Loaded Objects now: 1673.
Total: 2.066600 ms (FindLiveObjects: 0.162700 ms CreateObjectMapping: 0.063700 ms MarkObjects: 1.757900 ms  DeleteObjects: 0.081300 ms)

========================================================================
Received Import Request.
  Time since last request: 456.340260 seconds.
  path: Assets/Physics/Ball.physicMaterial
  artifactKey: Guid(9920903bd20aaa84eadab6b878ca768f) Importer(815301076,1909f56bfc062723c751e8b465ee728b)
Start importing Assets/Physics/Ball.physicMaterial using Guid(9920903bd20aaa84eadab6b878ca768f) Importer(815301076,1909f56bfc062723c751e8b465ee728b)  -> (artifact id: 'e8142342e149b7133bb551ec24fd81ce') in 0.017675 seconds
  Import took 0.020316 seconds .

========================================================================
Received Import Request.
  Time since last request: 0.000797 seconds.
  path: Assets/Physics/Ball.physicMaterial
  artifactKey: Guid(9920903bd20aaa84eadab6b878ca768f) Importer(815301076,1909f56bfc062723c751e8b465ee728b)
Start importing Assets/Physics/Ball.physicMaterial using Guid(9920903bd20aaa84eadab6b878ca768f) Importer(815301076,1909f56bfc062723c751e8b465ee728b)  -> (artifact id: 'e8142342e149b7133bb551ec24fd81ce') in 0.006644 seconds
  Import took 0.009607 seconds .

========================================================================
Received Prepare
Registering precompiled user dll's ...
Registered in 0.000553 seconds.
Begin MonoManager ReloadAssembly
Native extension for WindowsStandalone target not found
Refreshing native plugins compatible for Editor in 0.20 ms, found 0 plugins.
Preloading 0 native plugins for Editor in 0.00 ms.
Mono: successfully reloaded assembly
- Completed reload, in  0.845 seconds
Platform modules already initialized, skipping
Refreshing native plugins compatible for Editor in 0.23 ms, found 0 plugins.
Preloading 0 native plugins for Editor in 0.00 ms.
Unloading 1111 Unused Serialized files (Serialized files now loaded: 0)
System memory in use before: 60.7 MB.
System memory in use after: 60.8 MB.

Unloading 5 unused Assets to reduce memory usage. Loaded Objects now: 1676.
Total: 1.991100 ms (FindLiveObjects: 0.179000 ms CreateObjectMapping: 0.033900 ms MarkObjects: 1.688100 ms  DeleteObjects: 0.089200 ms)

========================================================================
Received Import Request.
  Time since last request: 18.364466 seconds.
  path: Assets/Physics/Ball.physicMaterial
  artifactKey: Guid(9920903bd20aaa84eadab6b878ca768f) Importer(815301076,1909f56bfc062723c751e8b465ee728b)
Start importing Assets/Physics/Ball.physicMaterial using Guid(9920903bd20aaa84eadab6b878ca768f) Importer(815301076,1909f56bfc062723c751e8b465ee728b)  -> (artifact id: '4714c78804acb45b7d327b3b7b74703a') in 0.011781 seconds
  Import took 0.014135 seconds .

========================================================================
Received Import Request.
  Time since last request: 1.613557 seconds.
  path: Assets/Physics/Ball.physicMaterial
  artifactKey: Guid(9920903bd20aaa84eadab6b878ca768f) Importer(815301076,1909f56bfc062723c751e8b465ee728b)
Start importing Assets/Physics/Ball.physicMaterial using Guid(9920903bd20aaa84eadab6b878ca768f) Importer(815301076,1909f56bfc062723c751e8b465ee728b)  -> (artifact id: '4714c78804acb45b7d327b3b7b74703a') in 0.003338 seconds
  Import took 0.005915 seconds .

========================================================================
Received Prepare
Registering precompiled user dll's ...
Registered in 0.000992 seconds.
Begin MonoManager ReloadAssembly
Native extension for WindowsStandalone target not found
Refreshing native plugins compatible for Editor in 0.30 ms, found 0 plugins.
Preloading 0 native plugins for Editor in 0.00 ms.
Mono: successfully reloaded assembly
- Completed reload, in  0.889 seconds
Platform modules already initialized, skipping
Refreshing native plugins compatible for Editor in 0.27 ms, found 0 plugins.
Preloading 0 native plugins for Editor in 0.00 ms.
Unloading 1111 Unused Serialized files (Serialized files now loaded: 0)
System memory in use before: 60.7 MB.
System memory in use after: 60.8 MB.

Unloading 5 unused Assets to reduce memory usage. Loaded Objects now: 1679.
Total: 2.140600 ms (FindLiveObjects: 0.141900 ms CreateObjectMapping: 0.032000 ms MarkObjects: 1.872500 ms  DeleteObjects: 0.093300 ms)

========================================================================
Received Import Request.
  Time since last request: 18.639236 seconds.
  path: Assets/Physics/Ball.physicMaterial
  artifactKey: Guid(9920903bd20aaa84eadab6b878ca768f) Importer(815301076,1909f56bfc062723c751e8b465ee728b)
Start importing Assets/Physics/Ball.physicMaterial using Guid(9920903bd20aaa84eadab6b878ca768f) Importer(815301076,1909f56bfc062723c751e8b465ee728b)  -> (artifact id: 'b10e6737937dfd0a00c7dd20693b1cc6') in 0.010711 seconds
  Import took 0.012773 seconds .

========================================================================
Received Prepare
Registering precompiled user dll's ...
Registered in 0.001122 seconds.
Begin MonoManager ReloadAssembly
Native extension for WindowsStandalone target not found
Refreshing native plugins compatible for Editor in 0.24 ms, found 0 plugins.
Preloading 0 native plugins for Editor in 0.00 ms.
Mono: successfully reloaded assembly
- Completed reload, in  0.819 seconds
Platform modules already initialized, skipping
Refreshing native plugins compatible for Editor in 0.19 ms, found 0 plugins.
Preloading 0 native plugins for Editor in 0.00 ms.
Unloading 1111 Unused Serialized files (Serialized files now loaded: 0)
System memory in use before: 60.7 MB.
System memory in use after: 60.8 MB.

Unloading 5 unused Assets to reduce memory usage. Loaded Objects now: 1682.
Total: 1.737300 ms (FindLiveObjects: 0.126000 ms CreateObjectMapping: 0.033000 ms MarkObjects: 1.494400 ms  DeleteObjects: 0.083000 ms)

========================================================================
Received Import Request.
  Time since last request: 19.318970 seconds.
  path: Assets/Physics/Ball.physicMaterial
  artifactKey: Guid(9920903bd20aaa84eadab6b878ca768f) Importer(815301076,1909f56bfc062723c751e8b465ee728b)
Start importing Assets/Physics/Ball.physicMaterial using Guid(9920903bd20aaa84eadab6b878ca768f) Importer(815301076,1909f56bfc062723c751e8b465ee728b)  -> (artifact id: 'cf160139918a135356f131c06ea95875') in 0.010360 seconds
  Import took 0.012583 seconds .

========================================================================
Received Prepare
Registering precompiled user dll's ...
Registered in 0.000705 seconds.
Begin MonoManager ReloadAssembly
Native extension for WindowsStandalone target not found
Refreshing native plugins compatible for Editor in 0.25 ms, found 0 plugins.
Preloading 0 native plugins for Editor in 0.00 ms.
Mono: successfully reloaded assembly
- Completed reload, in  0.901 seconds
Platform modules already initialized, skipping
Refreshing native plugins compatible for Editor in 0.51 ms, found 0 plugins.
Preloading 0 native plugins for Editor in 0.00 ms.
Unloading 1111 Unused Serialized files (Serialized files now loaded: 0)
System memory in use before: 60.7 MB.
System memory in use after: 60.8 MB.

Unloading 5 unused Assets to reduce memory usage. Loaded Objects now: 1685.
Total: 2.831100 ms (FindLiveObjects: 0.244000 ms CreateObjectMapping: 0.049500 ms MarkObjects: 2.416500 ms  DeleteObjects: 0.119700 ms)

========================================================================
Received Prepare
Registering precompiled user dll's ...
Registered in 0.000608 seconds.
Begin MonoManager ReloadAssembly
Native extension for WindowsStandalone target not found
Refreshing native plugins compatible for Editor in 0.25 ms, found 0 plugins.
Preloading 0 native plugins for Editor in 0.00 ms.
Mono: successfully reloaded assembly
- Completed reload, in  0.833 seconds
Platform modules already initialized, skipping
Refreshing native plugins compatible for Editor in 0.40 ms, found 0 plugins.
Preloading 0 native plugins for Editor in 0.00 ms.
Unloading 1111 Unused Serialized files (Serialized files now loaded: 0)
System memory in use before: 60.7 MB.
System memory in use after: 60.8 MB.

Unloading 5 unused Assets to reduce memory usage. Loaded Objects now: 1688.
Total: 3.966600 ms (FindLiveObjects: 0.314300 ms CreateObjectMapping: 0.203200 ms MarkObjects: 3.327300 ms  DeleteObjects: 0.103700 ms)

========================================================================
Received Prepare
Registering precompiled user dll's ...
Registered in 0.000680 seconds.
Begin MonoManager ReloadAssembly
Native extension for WindowsStandalone target not found
Refreshing native plugins compatible for Editor in 0.19 ms, found 0 plugins.
Preloading 0 native plugins for Editor in 0.00 ms.
Mono: successfully reloaded assembly
- Completed reload, in  0.790 seconds
Platform modules already initialized, skipping
Refreshing native plugins compatible for Editor in 0.27 ms, found 0 plugins.
Preloading 0 native plugins for Editor in 0.00 ms.
Unloading 1111 Unused Serialized files (Serialized files now loaded: 0)
System memory in use before: 60.7 MB.
System memory in use after: 60.8 MB.

Unloading 5 unused Assets to reduce memory usage. Loaded Objects now: 1691.
Total: 1.775400 ms (FindLiveObjects: 0.134900 ms CreateObjectMapping: 0.035200 ms MarkObjects: 1.517700 ms  DeleteObjects: 0.086900 ms)

========================================================================
Received Prepare
Registering precompiled user dll's ...
Registered in 0.000534 seconds.
Begin MonoManager ReloadAssembly
Native extension for WindowsStandalone target not found
Refreshing native plugins compatible for Editor in 0.20 ms, found 0 plugins.
Preloading 0 native plugins for Editor in 0.00 ms.
Mono: successfully reloaded assembly
- Completed reload, in  0.812 seconds
Platform modules already initialized, skipping
Refreshing native plugins compatible for Editor in 0.25 ms, found 0 plugins.
Preloading 0 native plugins for Editor in 0.00 ms.
Unloading 1111 Unused Serialized files (Serialized files now loaded: 0)
System memory in use before: 60.8 MB.
System memory in use after: 60.9 MB.

Unloading 5 unused Assets to reduce memory usage. Loaded Objects now: 1694.
Total: 2.061200 ms (FindLiveObjects: 0.125600 ms CreateObjectMapping: 0.034300 ms MarkObjects: 1.848200 ms  DeleteObjects: 0.051800 ms)

========================================================================
Received Prepare
Registering precompiled user dll's ...
Registered in 0.000570 seconds.
Begin MonoManager ReloadAssembly
Native extension for WindowsStandalone target not found
Refreshing native plugins compatible for Editor in 0.21 ms, found 0 plugins.
Preloading 0 native plugins for Editor in 0.00 ms.
Mono: successfully reloaded assembly
- Completed reload, in  0.811 seconds
Platform modules already initialized, skipping
Refreshing native plugins compatible for Editor in 0.24 ms, found 0 plugins.
Preloading 0 native plugins for Editor in 0.00 ms.
Unloading 1111 Unused Serialized files (Serialized files now loaded: 0)
System memory in use before: 60.8 MB.
System memory in use after: 60.9 MB.

Unloading 5 unused Assets to reduce memory usage. Loaded Objects now: 1697.
Total: 1.961100 ms (FindLiveObjects: 0.136200 ms CreateObjectMapping: 0.034200 ms MarkObjects: 1.722500 ms  DeleteObjects: 0.067100 ms)

========================================================================
Received Prepare
Registering precompiled user dll's ...
Registered in 0.000638 seconds.
Begin MonoManager ReloadAssembly
Native extension for WindowsStandalone target not found
Refreshing native plugins compatible for Editor in 0.28 ms, found 0 plugins.
Preloading 0 native plugins for Editor in 0.00 ms.
Mono: successfully reloaded assembly
- Completed reload, in  0.834 seconds
Platform modules already initialized, skipping
Refreshing native plugins compatible for Editor in 0.30 ms, found 0 plugins.
Preloading 0 native plugins for Editor in 0.00 ms.
Unloading 1111 Unused Serialized files (Serialized files now loaded: 0)
System memory in use before: 60.8 MB.
System memory in use after: 60.9 MB.

Unloading 5 unused Assets to reduce memory usage. Loaded Objects now: 1700.
Total: 2.006800 ms (FindLiveObjects: 0.151600 ms CreateObjectMapping: 0.035500 ms MarkObjects: 1.747400 ms  DeleteObjects: 0.071200 ms)

========================================================================
Received Prepare
Registering precompiled user dll's ...
Registered in 0.000693 seconds.
Begin MonoManager ReloadAssembly
Native extension for WindowsStandalone target not found
Refreshing native plugins compatible for Editor in 0.21 ms, found 0 plugins.
Preloading 0 native plugins for Editor in 0.00 ms.
Mono: successfully reloaded assembly
- Completed reload, in  0.799 seconds
Platform modules already initialized, skipping
Refreshing native plugins compatible for Editor in 0.24 ms, found 0 plugins.
Preloading 0 native plugins for Editor in 0.00 ms.
Unloading 1111 Unused Serialized files (Serialized files now loaded: 0)
System memory in use before: 60.8 MB.
System memory in use after: 60.9 MB.

Unloading 5 unused Assets to reduce memory usage. Loaded Objects now: 1703.
Total: 2.117500 ms (FindLiveObjects: 0.202700 ms CreateObjectMapping: 0.038900 ms MarkObjects: 1.778900 ms  DeleteObjects: 0.095900 ms)

========================================================================
Received Prepare
Registering precompiled user dll's ...
Registered in 0.000561 seconds.
Begin MonoManager ReloadAssembly
Native extension for WindowsStandalone target not found
Refreshing native plugins compatible for Editor in 0.20 ms, found 0 plugins.
Preloading 0 native plugins for Editor in 0.00 ms.
Mono: successfully reloaded assembly
- Completed reload, in  0.829 seconds
Platform modules already initialized, skipping
Refreshing native plugins compatible for Editor in 0.23 ms, found 0 plugins.
Preloading 0 native plugins for Editor in 0.00 ms.
Unloading 1111 Unused Serialized files (Serialized files now loaded: 0)
System memory in use before: 60.8 MB.
System memory in use after: 60.9 MB.

Unloading 5 unused Assets to reduce memory usage. Loaded Objects now: 1706.
Total: 2.143600 ms (FindLiveObjects: 0.141400 ms CreateObjectMapping: 0.031500 ms MarkObjects: 1.895700 ms  DeleteObjects: 0.074100 ms)

========================================================================
Received Prepare
Registering precompiled user dll's ...
Registered in 0.000741 seconds.
Begin MonoManager ReloadAssembly
Native extension for WindowsStandalone target not found
Refreshing native plugins compatible for Editor in 0.21 ms, found 0 plugins.
Preloading 0 native plugins for Editor in 0.00 ms.
Mono: successfully reloaded assembly
- Completed reload, in  0.812 seconds
Platform modules already initialized, skipping
Refreshing native plugins compatible for Editor in 0.25 ms, found 0 plugins.
Preloading 0 native plugins for Editor in 0.00 ms.
Unloading 1111 Unused Serialized files (Serialized files now loaded: 0)
System memory in use before: 60.8 MB.
System memory in use after: 60.9 MB.

Unloading 5 unused Assets to reduce memory usage. Loaded Objects now: 1709.
Total: 2.035800 ms (FindLiveObjects: 0.139700 ms CreateObjectMapping: 0.035700 ms MarkObjects: 1.773500 ms  DeleteObjects: 0.085700 ms)

========================================================================
Received Import Request.
  Time since last request: 914.895933 seconds.
  path: Assets/Scenes
  artifactKey: Guid(3207d755ace39194ea5735f21dbff7c0) Importer(815301076,1909f56bfc062723c751e8b465ee728b)
Start importing Assets/Scenes using Guid(3207d755ace39194ea5735f21dbff7c0) Importer(815301076,1909f56bfc062723c751e8b465ee728b)  -> (artifact id: '51c3b0486c926f67735fac73d0bbe0cf') in 0.010334 seconds
  Import took 0.014877 seconds .

========================================================================
Received Import Request.
  Time since last request: 0.005869 seconds.
  path: Assets/Materials/Yellow.mat
  artifactKey: Guid(a09c3c3976637234a8f40db811dd0132) Importer(815301076,1909f56bfc062723c751e8b465ee728b)
Start importing Assets/Materials/Yellow.mat using Guid(a09c3c3976637234a8f40db811dd0132) Importer(815301076,1909f56bfc062723c751e8b465ee728b)  -> (artifact id: '5f29ec990a18c5ec40e789a851def009') in 0.084406 seconds
  Import took 0.087228 seconds .

========================================================================
Received Import Request.
  Time since last request: 0.011815 seconds.
  path: Assets/Materials/Green.mat
  artifactKey: Guid(270ddc97d5779d14bbd358600cc13186) Importer(815301076,1909f56bfc062723c751e8b465ee728b)
Start importing Assets/Materials/Green.mat using Guid(270ddc97d5779d14bbd358600cc13186) Importer(815301076,1909f56bfc062723c751e8b465ee728b)  -> (artifact id: '143e3d66d2096aa82438e2e4d7aea693') in 0.020084 seconds
  Import took 0.022496 seconds .

========================================================================
Received Import Request.
  Time since last request: 0.008204 seconds.
  path: Assets/Scripts/Jumper.cs
  artifactKey: Guid(cd63b3672f594cb459aaa1a1975f502e) Importer(815301076,1909f56bfc062723c751e8b465ee728b)
Start importing Assets/Scripts/Jumper.cs using Guid(cd63b3672f594cb459aaa1a1975f502e) Importer(815301076,1909f56bfc062723c751e8b465ee728b)  -> (artifact id: 'ea18dca11d3f3f70e765550633fa38f1') in 0.007492 seconds
  Import took 0.009748 seconds .

========================================================================
Received Import Request.
  Time since last request: 0.003174 seconds.
  path: Assets/Scenes/SampleScene.unity
  artifactKey: Guid(9fc0d4010bbf28b4594072e72b8655ab) Importer(815301076,1909f56bfc062723c751e8b465ee728b)
Start importing Assets/Scenes/SampleScene.unity using Guid(9fc0d4010bbf28b4594072e72b8655ab) Importer(815301076,1909f56bfc062723c751e8b465ee728b)  -> (artifact id: 'f69a25aaddc3d366408d15f0037844ea') in 0.007825 seconds
  Import took 0.010022 seconds .

AssetImportWorkerClient::OnTransportError - code=2 error=End of file
