Using pre-set license
Built from '2020.3/staging' branch; Version is '2020.3.9f1 (108be757e447) revision 1084391'; Using compiler version '192528614'; Build Type 'Release'
OS: 'Windows 10 Home Single Language; OS build 19042.985; Version 2009; 64bit' Language: 'ru' Physical Memory: 16250 MB
BatchMode: 1, IsHumanControllingUs: 0, StartBugReporterOnCrash: 0, Is64bit: 1, IsPro: 0

 COMMAND LINE ARGUMENTS:
D:\Program Files\Unity Hub\edit\2020.3.8f1\Editor\Unity.exe
-adb2
-batchMode
-noUpm
-name
AssetImportWorker0
-projectPath
D:/Program Files/Unity Hub/edit/Unlock Master
-logFile
Logs/AssetImportWorker0.log
-srvPort
55123
Successfully changed project path to: D:/Program Files/Unity Hub/edit/Unlock Master
D:/Program Files/Unity Hub/edit/Unlock Master
Using Asset Import Pipeline V2.
Refreshing native plugins compatible for Editor in 24.47 ms, found 0 plugins.
Preloading 0 native plugins for Editor in 0.00 ms.
Initialize engine version: 2020.3.9f1 (108be757e447)
[Subsystems] Discovering subsystems at path D:/Program Files/Unity Hub/edit/2020.3.8f1/Editor/Data/Resources/UnitySubsystems
[Subsystems] Discovering subsystems at path D:/Program Files/Unity Hub/edit/Unlock Master/Assets
GfxDevice: creating device client; threaded=0
Direct3D:
    Version:  Direct3D 11.0 [level 11.1]
    Renderer: NVIDIA GeForce GTX 1050 Ti (ID=0x1c8c)
    Vendor:   
    VRAM:     4018 MB
    Driver:   27.21.14.6627
Initialize mono
Mono path[0] = 'D:/Program Files/Unity Hub/edit/2020.3.8f1/Editor/Data/Managed'
Mono path[1] = 'D:/Program Files/Unity Hub/edit/2020.3.8f1/Editor/Data/MonoBleedingEdge/lib/mono/unityjit'
Mono config path = 'D:/Program Files/Unity Hub/edit/2020.3.8f1/Editor/Data/MonoBleedingEdge/etc'
Using monoOptions --debugger-agent=transport=dt_socket,embedding=1,server=y,suspend=n,address=127.0.0.1:56324
Begin MonoManager ReloadAssembly
Registering precompiled unity dll's ...
Register platform support module: D:/Program Files/Unity Hub/edit/2020.3.8f1/Editor/Data/PlaybackEngines/WindowsStandaloneSupport/UnityEditor.WindowsStandalone.Extensions.dll
Registered in 0.001142 seconds.
Native extension for WindowsStandalone target not found
Refreshing native plugins compatible for Editor in 25.38 ms, found 0 plugins.
Preloading 0 native plugins for Editor in 0.00 ms.
Mono: successfully reloaded assembly
- Completed reload, in  0.939 seconds
Platform modules already initialized, skipping
Registering precompiled user dll's ...
Registered in 0.000597 seconds.
Begin MonoManager ReloadAssembly
Native extension for WindowsStandalone target not found
Refreshing native plugins compatible for Editor in 0.20 ms, found 0 plugins.
Preloading 0 native plugins for Editor in 0.00 ms.
Mono: successfully reloaded assembly
- Completed reload, in  0.910 seconds
Platform modules already initialized, skipping
========================================================================
Worker process is ready to serve import requests
Launched and connected shader compiler UnityShaderCompiler.exe after 0.05 seconds
Refreshing native plugins compatible for Editor in 0.37 ms, found 0 plugins.
Preloading 0 native plugins for Editor in 0.00 ms.
Unloading 1117 Unused Serialized files (Serialized files now loaded: 0)
System memory in use before: 57.2 MB.
System memory in use after: 57.3 MB.

Unloading 10 unused Assets to reduce memory usage. Loaded Objects now: 1560.
Total: 1.826800 ms (FindLiveObjects: 0.131500 ms CreateObjectMapping: 0.031500 ms MarkObjects: 1.547300 ms  DeleteObjects: 0.115300 ms)

========================================================================
Received Import Request.
  path: Assets/Scripts/TimerScript.cs
  artifactKey: Guid(a560700f75773d94e8642188cb6294d9) Importer(815301076,1909f56bfc062723c751e8b465ee728b)
Start importing Assets/Scripts/TimerScript.cs using Guid(a560700f75773d94e8642188cb6294d9) Importer(815301076,1909f56bfc062723c751e8b465ee728b)  -> (artifact id: '8beaf4cfc85ff2effe40078b532b16d0') in 0.037377 seconds
  Import took 0.039411 seconds .

========================================================================
Received Import Request.
  Time since last request: 438.921960 seconds.
  path: Assets/Scripts/EasyModeButtonScript.cs
  artifactKey: Guid(cb86ebc1dadce5a42b5461791e0b8a3b) Importer(815301076,1909f56bfc062723c751e8b465ee728b)
Start importing Assets/Scripts/EasyModeButtonScript.cs using Guid(cb86ebc1dadce5a42b5461791e0b8a3b) Importer(815301076,1909f56bfc062723c751e8b465ee728b)  -> (artifact id: '50bb4872c66d82630ccd1700de1cfcdd') in 0.010881 seconds
  Import took 0.013882 seconds .

========================================================================
Received Import Request.
  Time since last request: 0.002685 seconds.
  path: Assets/Scripts/EasyModeButtonScript.cs
  artifactKey: Guid(cb86ebc1dadce5a42b5461791e0b8a3b) Importer(815301076,1909f56bfc062723c751e8b465ee728b)
Start importing Assets/Scripts/EasyModeButtonScript.cs using Guid(cb86ebc1dadce5a42b5461791e0b8a3b) Importer(815301076,1909f56bfc062723c751e8b465ee728b)  -> (artifact id: '50bb4872c66d82630ccd1700de1cfcdd') in 0.003236 seconds
  Import took 0.006950 seconds .

========================================================================
Received Prepare
Registering precompiled user dll's ...
Registered in 0.000482 seconds.
Begin MonoManager ReloadAssembly
Native extension for WindowsStandalone target not found
Refreshing native plugins compatible for Editor in 0.21 ms, found 0 plugins.
Preloading 0 native plugins for Editor in 0.00 ms.
Mono: successfully reloaded assembly
- Completed reload, in  0.882 seconds
Platform modules already initialized, skipping
Refreshing native plugins compatible for Editor in 0.24 ms, found 0 plugins.
Preloading 0 native plugins for Editor in 0.00 ms.
Unloading 1113 Unused Serialized files (Serialized files now loaded: 0)
System memory in use before: 57.2 MB.
System memory in use after: 57.3 MB.

Unloading 5 unused Assets to reduce memory usage. Loaded Objects now: 1564.
Total: 1.730700 ms (FindLiveObjects: 0.177800 ms CreateObjectMapping: 0.036700 ms MarkObjects: 1.430700 ms  DeleteObjects: 0.084500 ms)

========================================================================
Received Import Request.
  Time since last request: 113.055141 seconds.
  path: Assets/Scripts/EasyModeButtonScript.cs
  artifactKey: Guid(cb86ebc1dadce5a42b5461791e0b8a3b) Importer(815301076,1909f56bfc062723c751e8b465ee728b)
Start importing Assets/Scripts/EasyModeButtonScript.cs using Guid(cb86ebc1dadce5a42b5461791e0b8a3b) Importer(815301076,1909f56bfc062723c751e8b465ee728b)  -> (artifact id: '0aded5934ce18174ab96d427fc13550c') in 0.006644 seconds
  Import took 0.009359 seconds .

========================================================================
Received Import Request.
  Time since last request: 25.406292 seconds.
  path: Assets/Scripts/AverageModeButtonScript.cs
  artifactKey: Guid(14b0285669170a84a9de484a8a8a6bef) Importer(815301076,1909f56bfc062723c751e8b465ee728b)
Start importing Assets/Scripts/AverageModeButtonScript.cs using Guid(14b0285669170a84a9de484a8a8a6bef) Importer(815301076,1909f56bfc062723c751e8b465ee728b)  -> (artifact id: '0fe8213b79df01c4dee15ed5e13ebf2e') in 0.010700 seconds
  Import took 0.013417 seconds .

========================================================================
Received Import Request.
  Time since last request: 24.105408 seconds.
  path: Assets/Scripts/HardModeButtonScript.cs
  artifactKey: Guid(270a80ce2dca6394caf03c9b6f39711a) Importer(815301076,1909f56bfc062723c751e8b465ee728b)
Start importing Assets/Scripts/HardModeButtonScript.cs using Guid(270a80ce2dca6394caf03c9b6f39711a) Importer(815301076,1909f56bfc062723c751e8b465ee728b)  -> (artifact id: '5936eea51bc534589dfd8fd54dd1300e') in 0.010970 seconds
  Import took 0.013726 seconds .

========================================================================
Received Import Request.
  Time since last request: 0.001295 seconds.
  path: Assets/Scripts/HardModeButtonScript.cs
  artifactKey: Guid(270a80ce2dca6394caf03c9b6f39711a) Importer(815301076,1909f56bfc062723c751e8b465ee728b)
Start importing Assets/Scripts/HardModeButtonScript.cs using Guid(270a80ce2dca6394caf03c9b6f39711a) Importer(815301076,1909f56bfc062723c751e8b465ee728b)  -> (artifact id: '5936eea51bc534589dfd8fd54dd1300e') in 0.003089 seconds
  Import took 0.005693 seconds .

========================================================================
Received Import Request.
  Time since last request: 20.891917 seconds.
  path: Assets/Scripts/AverageModeButtonScript.cs
  artifactKey: Guid(14b0285669170a84a9de484a8a8a6bef) Importer(815301076,1909f56bfc062723c751e8b465ee728b)
Start importing Assets/Scripts/AverageModeButtonScript.cs using Guid(14b0285669170a84a9de484a8a8a6bef) Importer(815301076,1909f56bfc062723c751e8b465ee728b)  -> (artifact id: 'f9c28e1f0fce7d2918eac6e23dc59aa2') in 0.003731 seconds
  Import took 0.007052 seconds .

========================================================================
Received Import Request.
  Time since last request: 65.820718 seconds.
  path: Assets/Scripts/HardModeButtonScript.cs
  artifactKey: Guid(270a80ce2dca6394caf03c9b6f39711a) Importer(815301076,1909f56bfc062723c751e8b465ee728b)
Start importing Assets/Scripts/HardModeButtonScript.cs using Guid(270a80ce2dca6394caf03c9b6f39711a) Importer(815301076,1909f56bfc062723c751e8b465ee728b)  -> (artifact id: '3daf587864727eed6bf6192f4c2ee87d') in 0.005872 seconds
  Import took 0.009601 seconds .

========================================================================
Received Import Request.
  Time since last request: 0.031907 seconds.
  path: Assets/Scripts/MainScript.cs
  artifactKey: Guid(72fead18eccdc104cabd66ca9dac4d31) Importer(815301076,1909f56bfc062723c751e8b465ee728b)
Start importing Assets/Scripts/MainScript.cs using Guid(72fead18eccdc104cabd66ca9dac4d31) Importer(815301076,1909f56bfc062723c751e8b465ee728b)  -> (artifact id: 'b59ca4d0b5a0f1e896982ce1478b38b0') in 0.007910 seconds
  Import took 0.011897 seconds .

========================================================================
Received Import Request.
  Time since last request: 0.032960 seconds.
  path: Assets/Scripts/MainScript.cs
  artifactKey: Guid(72fead18eccdc104cabd66ca9dac4d31) Importer(815301076,1909f56bfc062723c751e8b465ee728b)
Start importing Assets/Scripts/MainScript.cs using Guid(72fead18eccdc104cabd66ca9dac4d31) Importer(815301076,1909f56bfc062723c751e8b465ee728b)  -> (artifact id: 'b59ca4d0b5a0f1e896982ce1478b38b0') in 0.002806 seconds
  Import took 0.007473 seconds .

AssetImportWorkerClient::OnTransportError - code=2 error=End of file
