Using pre-set license
Built from '2020.3/staging' branch; Version is '2020.3.9f1 (108be757e447) revision 1084391'; Using compiler version '192528614'; Build Type 'Release'
OS: 'Windows 10 Home Single Language; OS build 19042.1052; Version 2009; 64bit' Language: 'ru' Physical Memory: 16250 MB
BatchMode: 1, IsHumanControllingUs: 0, StartBugReporterOnCrash: 0, Is64bit: 1, IsPro: 0

 COMMAND LINE ARGUMENTS:
D:\Program Files\Unity Hub\edit\2020.3.8f1\Editor\Unity.exe
-adb2
-batchMode
-noUpm
-name
AssetImportWorker0
-projectPath
D:/Program Files/Unity Hub/edit/Weightlessness
-logFile
Logs/AssetImportWorker0.log
-srvPort
53511
Successfully changed project path to: D:/Program Files/Unity Hub/edit/Weightlessness
D:/Program Files/Unity Hub/edit/Weightlessness
Using Asset Import Pipeline V2.
Refreshing native plugins compatible for Editor in 26.82 ms, found 0 plugins.
Preloading 0 native plugins for Editor in 0.00 ms.
Initialize engine version: 2020.3.9f1 (108be757e447)
[Subsystems] Discovering subsystems at path D:/Program Files/Unity Hub/edit/2020.3.8f1/Editor/Data/Resources/UnitySubsystems
[Subsystems] Discovering subsystems at path D:/Program Files/Unity Hub/edit/Weightlessness/Assets
GfxDevice: creating device client; threaded=0
Direct3D:
    Version:  Direct3D 11.0 [level 11.1]
    Renderer: NVIDIA GeForce GTX 1050 Ti (ID=0x1c8c)
    Vendor:   
    VRAM:     4018 MB
    Driver:   27.21.14.6677
Initialize mono
Mono path[0] = 'D:/Program Files/Unity Hub/edit/2020.3.8f1/Editor/Data/Managed'
Mono path[1] = 'D:/Program Files/Unity Hub/edit/2020.3.8f1/Editor/Data/MonoBleedingEdge/lib/mono/unityjit'
Mono config path = 'D:/Program Files/Unity Hub/edit/2020.3.8f1/Editor/Data/MonoBleedingEdge/etc'
Using monoOptions --debugger-agent=transport=dt_socket,embedding=1,server=y,suspend=n,address=127.0.0.1:56096
Begin MonoManager ReloadAssembly
Registering precompiled unity dll's ...
Register platform support module: D:/Program Files/Unity Hub/edit/2020.3.8f1/Editor/Data/PlaybackEngines/WindowsStandaloneSupport/UnityEditor.WindowsStandalone.Extensions.dll
Registered in 0.001128 seconds.
Native extension for WindowsStandalone target not found
Refreshing native plugins compatible for Editor in 25.84 ms, found 0 plugins.
Preloading 0 native plugins for Editor in 0.00 ms.
Mono: successfully reloaded assembly
- Completed reload, in  0.977 seconds
Platform modules already initialized, skipping
Registering precompiled user dll's ...
Registered in 0.000599 seconds.
Begin MonoManager ReloadAssembly
Native extension for WindowsStandalone target not found
Refreshing native plugins compatible for Editor in 0.26 ms, found 0 plugins.
Preloading 0 native plugins for Editor in 0.00 ms.
Mono: successfully reloaded assembly
- Completed reload, in  0.899 seconds
Platform modules already initialized, skipping
========================================================================
Worker process is ready to serve import requests
Launched and connected shader compiler UnityShaderCompiler.exe after 0.06 seconds
Refreshing native plugins compatible for Editor in 0.20 ms, found 0 plugins.
Preloading 0 native plugins for Editor in 0.00 ms.
Unloading 1117 Unused Serialized files (Serialized files now loaded: 0)
System memory in use before: 57.3 MB.
System memory in use after: 57.3 MB.

Unloading 10 unused Assets to reduce memory usage. Loaded Objects now: 1559.
Total: 2.096000 ms (FindLiveObjects: 0.148800 ms CreateObjectMapping: 0.030700 ms MarkObjects: 1.770200 ms  DeleteObjects: 0.144900 ms)

========================================================================
Received Import Request.
  path: Assets/Scripts/Explosion.cs
  artifactKey: Guid(e76a63e9ffbf84e43a07630f5c0a64cc) Importer(815301076,1909f56bfc062723c751e8b465ee728b)
Start importing Assets/Scripts/Explosion.cs using Guid(e76a63e9ffbf84e43a07630f5c0a64cc) Importer(815301076,1909f56bfc062723c751e8b465ee728b)  -> (artifact id: '5f3a5041a1f03820fe57e1b795134db7') in 0.038022 seconds
  Import took 0.040077 seconds .

========================================================================
Received Import Request.
  Time since last request: 152.623742 seconds.
  path: Assets/Scripts/Explosion.cs
  artifactKey: Guid(e76a63e9ffbf84e43a07630f5c0a64cc) Importer(815301076,1909f56bfc062723c751e8b465ee728b)
Start importing Assets/Scripts/Explosion.cs using Guid(e76a63e9ffbf84e43a07630f5c0a64cc) Importer(815301076,1909f56bfc062723c751e8b465ee728b)  -> (artifact id: '0e3fb457f790c93b94cf36c24e9da665') in 0.003660 seconds
  Import took 0.006032 seconds .

========================================================================
Received Import Request.
  Time since last request: 7.584193 seconds.
  path: Assets/Scripts/Explosion.cs
  artifactKey: Guid(e76a63e9ffbf84e43a07630f5c0a64cc) Importer(815301076,1909f56bfc062723c751e8b465ee728b)
Start importing Assets/Scripts/Explosion.cs using Guid(e76a63e9ffbf84e43a07630f5c0a64cc) Importer(815301076,1909f56bfc062723c751e8b465ee728b)  -> (artifact id: '8179dcb82738d902b1cf4260786c2917') in 0.002965 seconds
  Import took 0.005632 seconds .

========================================================================
Received Import Request.
  Time since last request: 95.361342 seconds.
  path: Assets/Scripts/Explosion.cs
  artifactKey: Guid(e76a63e9ffbf84e43a07630f5c0a64cc) Importer(815301076,1909f56bfc062723c751e8b465ee728b)
Start importing Assets/Scripts/Explosion.cs using Guid(e76a63e9ffbf84e43a07630f5c0a64cc) Importer(815301076,1909f56bfc062723c751e8b465ee728b)  -> (artifact id: '69f776a7161e1b777490106012a1c218') in 0.003446 seconds
  Import took 0.005998 seconds .

========================================================================
Received Import Request.
  Time since last request: 177.363373 seconds.
  path: Assets/Scripts/Explosion.cs
  artifactKey: Guid(e76a63e9ffbf84e43a07630f5c0a64cc) Importer(815301076,1909f56bfc062723c751e8b465ee728b)
Start importing Assets/Scripts/Explosion.cs using Guid(e76a63e9ffbf84e43a07630f5c0a64cc) Importer(815301076,1909f56bfc062723c751e8b465ee728b)  -> (artifact id: '08b868a242647bff1c61a158c9e655cf') in 0.003446 seconds
  Import took 0.006052 seconds .

========================================================================
Received Prepare
Registering precompiled user dll's ...
Registered in 0.000575 seconds.
Begin MonoManager ReloadAssembly
Native extension for WindowsStandalone target not found
Refreshing native plugins compatible for Editor in 0.21 ms, found 0 plugins.
Preloading 0 native plugins for Editor in 0.00 ms.
Mono: successfully reloaded assembly
- Completed reload, in  0.859 seconds
Platform modules already initialized, skipping
Refreshing native plugins compatible for Editor in 0.29 ms, found 0 plugins.
Preloading 0 native plugins for Editor in 0.00 ms.
Unloading 1112 Unused Serialized files (Serialized files now loaded: 0)
System memory in use before: 57.2 MB.
System memory in use after: 57.3 MB.

Unloading 5 unused Assets to reduce memory usage. Loaded Objects now: 1562.
Total: 1.792000 ms (FindLiveObjects: 0.133600 ms CreateObjectMapping: 0.031300 ms MarkObjects: 1.533300 ms  DeleteObjects: 0.093000 ms)

========================================================================
Received Import Request.
  Time since last request: 234.859587 seconds.
  path: ProjectSettings/TagManager.asset
  artifactKey: Guid(00000000000000003000000000000000) Importer(815301076,1909f56bfc062723c751e8b465ee728b)
Start importing ProjectSettings/TagManager.asset using Guid(00000000000000003000000000000000) Importer(815301076,1909f56bfc062723c751e8b465ee728b)  -> (artifact id: 'ce6a35c3cddc746e7501c0bd0ed6d4ce') in 0.028761 seconds
  Import took 0.031353 seconds .

========================================================================
Received Import Request.
  Time since last request: 0.007266 seconds.
  path: ProjectSettings/TagManager.asset
  artifactKey: Guid(00000000000000003000000000000000) Importer(815301076,1909f56bfc062723c751e8b465ee728b)
Start importing ProjectSettings/TagManager.asset using Guid(00000000000000003000000000000000) Importer(815301076,1909f56bfc062723c751e8b465ee728b)  -> (artifact id: 'ce6a35c3cddc746e7501c0bd0ed6d4ce') in 0.003361 seconds
  Import took 0.006079 seconds .

========================================================================
Received Prepare
Registering precompiled user dll's ...
Registered in 0.000817 seconds.
Begin MonoManager ReloadAssembly
Native extension for WindowsStandalone target not found
Refreshing native plugins compatible for Editor in 0.25 ms, found 0 plugins.
Preloading 0 native plugins for Editor in 0.00 ms.
Mono: successfully reloaded assembly
- Completed reload, in  0.942 seconds
Platform modules already initialized, skipping
Refreshing native plugins compatible for Editor in 0.28 ms, found 0 plugins.
Preloading 0 native plugins for Editor in 0.00 ms.
Unloading 1112 Unused Serialized files (Serialized files now loaded: 0)
System memory in use before: 57.3 MB.
System memory in use after: 57.3 MB.

Unloading 7 unused Assets to reduce memory usage. Loaded Objects now: 1565.
Total: 1.738500 ms (FindLiveObjects: 0.113700 ms CreateObjectMapping: 0.030800 ms MarkObjects: 1.511800 ms  DeleteObjects: 0.081200 ms)

========================================================================
Received Prepare
Registering precompiled user dll's ...
Registered in 0.000924 seconds.
Begin MonoManager ReloadAssembly
Native extension for WindowsStandalone target not found
Refreshing native plugins compatible for Editor in 0.21 ms, found 0 plugins.
Preloading 0 native plugins for Editor in 0.00 ms.
Mono: successfully reloaded assembly
- Completed reload, in  0.828 seconds
Platform modules already initialized, skipping
Refreshing native plugins compatible for Editor in 0.20 ms, found 0 plugins.
Preloading 0 native plugins for Editor in 0.00 ms.
Unloading 1112 Unused Serialized files (Serialized files now loaded: 0)
System memory in use before: 57.3 MB.
System memory in use after: 57.3 MB.

Unloading 5 unused Assets to reduce memory usage. Loaded Objects now: 1568.
Total: 1.693200 ms (FindLiveObjects: 0.112500 ms CreateObjectMapping: 0.031600 ms MarkObjects: 1.464200 ms  DeleteObjects: 0.083500 ms)

========================================================================
Received Prepare
Registering precompiled user dll's ...
Registered in 0.000597 seconds.
Begin MonoManager ReloadAssembly
Native extension for WindowsStandalone target not found
Refreshing native plugins compatible for Editor in 0.21 ms, found 0 plugins.
Preloading 0 native plugins for Editor in 0.00 ms.
Mono: successfully reloaded assembly
- Completed reload, in  0.873 seconds
Platform modules already initialized, skipping
Refreshing native plugins compatible for Editor in 0.21 ms, found 0 plugins.
Preloading 0 native plugins for Editor in 0.00 ms.
Unloading 1112 Unused Serialized files (Serialized files now loaded: 0)
System memory in use before: 57.3 MB.
System memory in use after: 57.3 MB.

Unloading 5 unused Assets to reduce memory usage. Loaded Objects now: 1571.
Total: 1.747300 ms (FindLiveObjects: 0.111600 ms CreateObjectMapping: 0.031400 ms MarkObjects: 1.515600 ms  DeleteObjects: 0.087800 ms)

========================================================================
Received Prepare
Registering precompiled user dll's ...
Registered in 0.000886 seconds.
Begin MonoManager ReloadAssembly
Native extension for WindowsStandalone target not found
Refreshing native plugins compatible for Editor in 0.20 ms, found 0 plugins.
Preloading 0 native plugins for Editor in 0.00 ms.
Mono: successfully reloaded assembly
- Completed reload, in  0.820 seconds
Platform modules already initialized, skipping
Refreshing native plugins compatible for Editor in 0.20 ms, found 0 plugins.
Preloading 0 native plugins for Editor in 0.00 ms.
Unloading 1112 Unused Serialized files (Serialized files now loaded: 0)
System memory in use before: 57.3 MB.
System memory in use after: 57.3 MB.

Unloading 5 unused Assets to reduce memory usage. Loaded Objects now: 1574.
Total: 1.801200 ms (FindLiveObjects: 0.194400 ms CreateObjectMapping: 0.050800 ms MarkObjects: 1.464900 ms  DeleteObjects: 0.090100 ms)

========================================================================
Received Prepare
Registering precompiled user dll's ...
Registered in 0.000554 seconds.
Begin MonoManager ReloadAssembly
Native extension for WindowsStandalone target not found
Refreshing native plugins compatible for Editor in 0.20 ms, found 0 plugins.
Preloading 0 native plugins for Editor in 0.00 ms.
Mono: successfully reloaded assembly
- Completed reload, in  0.826 seconds
Platform modules already initialized, skipping
Refreshing native plugins compatible for Editor in 0.20 ms, found 0 plugins.
Preloading 0 native plugins for Editor in 0.00 ms.
Unloading 1112 Unused Serialized files (Serialized files now loaded: 0)
System memory in use before: 57.3 MB.
System memory in use after: 57.4 MB.

Unloading 5 unused Assets to reduce memory usage. Loaded Objects now: 1577.
Total: 1.768400 ms (FindLiveObjects: 0.110400 ms CreateObjectMapping: 0.030500 ms MarkObjects: 1.539300 ms  DeleteObjects: 0.087100 ms)

========================================================================
Received Prepare
Registering precompiled user dll's ...
Registered in 0.000571 seconds.
Begin MonoManager ReloadAssembly
Native extension for WindowsStandalone target not found
Refreshing native plugins compatible for Editor in 0.21 ms, found 0 plugins.
Preloading 0 native plugins for Editor in 0.00 ms.
Mono: successfully reloaded assembly
- Completed reload, in  0.831 seconds
Platform modules already initialized, skipping
Refreshing native plugins compatible for Editor in 0.20 ms, found 0 plugins.
Preloading 0 native plugins for Editor in 0.00 ms.
Unloading 1112 Unused Serialized files (Serialized files now loaded: 0)
System memory in use before: 57.3 MB.
System memory in use after: 57.4 MB.

Unloading 5 unused Assets to reduce memory usage. Loaded Objects now: 1580.
Total: 1.846900 ms (FindLiveObjects: 0.172600 ms CreateObjectMapping: 0.073700 ms MarkObjects: 1.515600 ms  DeleteObjects: 0.083800 ms)

========================================================================
Received Import Request.
  Time since last request: 394.128730 seconds.
  path: Assets/Physic
  artifactKey: Guid(0e939023f987c944e94f49f73c71674a) Importer(815301076,1909f56bfc062723c751e8b465ee728b)
Start importing Assets/Physic using Guid(0e939023f987c944e94f49f73c71674a) Importer(815301076,1909f56bfc062723c751e8b465ee728b)  -> (artifact id: 'ab6897509076f5ce85d0cf5f6d6cc515') in 0.014240 seconds
  Import took 0.017062 seconds .

========================================================================
Received Import Request.
  Time since last request: 48.651225 seconds.
  path: Assets/Physic/Zero Bounce.physicMaterial
  artifactKey: Guid(cc3ee5baf6f77fa45889efc16c479a81) Importer(815301076,1909f56bfc062723c751e8b465ee728b)
Start importing Assets/Physic/Zero Bounce.physicMaterial using Guid(cc3ee5baf6f77fa45889efc16c479a81) Importer(815301076,1909f56bfc062723c751e8b465ee728b)  -> (artifact id: '307b69642ab9aeea1da8df55061f8ec0') in 0.028771 seconds
  Import took 0.030786 seconds .

========================================================================
Received Import Request.
  Time since last request: 16.934027 seconds.
  path: Assets/Physic/Min Bounce.physicMaterial
  artifactKey: Guid(c7d80e87443e5f9488da192a6fe819ec) Importer(815301076,1909f56bfc062723c751e8b465ee728b)
Start importing Assets/Physic/Min Bounce.physicMaterial using Guid(c7d80e87443e5f9488da192a6fe819ec) Importer(815301076,1909f56bfc062723c751e8b465ee728b)  -> (artifact id: '6aeff37af7a2cbd0e8b997a43a4c9b33') in 0.014121 seconds
  Import took 0.017490 seconds .

========================================================================
Received Import Request.
  Time since last request: 0.005504 seconds.
  path: Assets/Physic/Min Bounce.physicMaterial
  artifactKey: Guid(c7d80e87443e5f9488da192a6fe819ec) Importer(815301076,1909f56bfc062723c751e8b465ee728b)
Start importing Assets/Physic/Min Bounce.physicMaterial using Guid(c7d80e87443e5f9488da192a6fe819ec) Importer(815301076,1909f56bfc062723c751e8b465ee728b)  -> (artifact id: '6aeff37af7a2cbd0e8b997a43a4c9b33') in 0.005344 seconds
  Import took 0.008144 seconds .

========================================================================
Received Import Request.
  Time since last request: 15.046511 seconds.
  path: Assets/Physic/Average Bounce.physicMaterial
  artifactKey: Guid(1b41d465099677a4986eb4a1e0367514) Importer(815301076,1909f56bfc062723c751e8b465ee728b)
Start importing Assets/Physic/Average Bounce.physicMaterial using Guid(1b41d465099677a4986eb4a1e0367514) Importer(815301076,1909f56bfc062723c751e8b465ee728b)  -> (artifact id: 'aa34b8f1faca7a11f0a51a1eac8aad98') in 0.011911 seconds
  Import took 0.014620 seconds .

========================================================================
Received Import Request.
  Time since last request: 0.008892 seconds.
  path: Assets/Physic/Average Bounce.physicMaterial
  artifactKey: Guid(1b41d465099677a4986eb4a1e0367514) Importer(815301076,1909f56bfc062723c751e8b465ee728b)
Start importing Assets/Physic/Average Bounce.physicMaterial using Guid(1b41d465099677a4986eb4a1e0367514) Importer(815301076,1909f56bfc062723c751e8b465ee728b)  -> (artifact id: 'aa34b8f1faca7a11f0a51a1eac8aad98') in 0.005513 seconds
  Import took 0.008254 seconds .

========================================================================
Received Import Request.
  Time since last request: 21.156639 seconds.
  path: Assets/Physic/Max Bounce.physicMaterial
  artifactKey: Guid(e3e7b0091b3fc4d488ed6115358a685c) Importer(815301076,1909f56bfc062723c751e8b465ee728b)
Start importing Assets/Physic/Max Bounce.physicMaterial using Guid(e3e7b0091b3fc4d488ed6115358a685c) Importer(815301076,1909f56bfc062723c751e8b465ee728b)  -> (artifact id: 'aa1ba95635aec032ce250173bdff6288') in 0.012445 seconds
  Import took 0.014884 seconds .

========================================================================
Received Import Request.
  Time since last request: 0.003848 seconds.
  path: Assets/Physic/Max Bounce.physicMaterial
  artifactKey: Guid(e3e7b0091b3fc4d488ed6115358a685c) Importer(815301076,1909f56bfc062723c751e8b465ee728b)
Start importing Assets/Physic/Max Bounce.physicMaterial using Guid(e3e7b0091b3fc4d488ed6115358a685c) Importer(815301076,1909f56bfc062723c751e8b465ee728b)  -> (artifact id: 'aa1ba95635aec032ce250173bdff6288') in 0.037671 seconds
  Import took 0.040931 seconds .

========================================================================
Received Import Request.
  Time since last request: 52.770511 seconds.
  path: Assets/Physic/Min Bounce.physicMaterial
  artifactKey: Guid(c7d80e87443e5f9488da192a6fe819ec) Importer(815301076,1909f56bfc062723c751e8b465ee728b)
Start importing Assets/Physic/Min Bounce.physicMaterial using Guid(c7d80e87443e5f9488da192a6fe819ec) Importer(815301076,1909f56bfc062723c751e8b465ee728b)  -> (artifact id: '6747e05d5dceb5e422726777bbfa4c5c') in 0.004350 seconds
  Import took 0.008546 seconds .

========================================================================
Received Import Request.
  Time since last request: 0.084418 seconds.
  path: Assets/Scripts/Weightlessness.cs
  artifactKey: Guid(54ca81afe96ddaf47b4c8688d574fe21) Importer(815301076,1909f56bfc062723c751e8b465ee728b)
Start importing Assets/Scripts/Weightlessness.cs using Guid(54ca81afe96ddaf47b4c8688d574fe21) Importer(815301076,1909f56bfc062723c751e8b465ee728b)  -> (artifact id: '2462d70a24ecbbc92a1cd7ae5f07b920') in 0.010881 seconds
  Import took 0.013525 seconds .

========================================================================
Received Import Request.
  Time since last request: 0.038468 seconds.
  path: Assets/Scripts/Explosion.cs
  artifactKey: Guid(e76a63e9ffbf84e43a07630f5c0a64cc) Importer(815301076,1909f56bfc062723c751e8b465ee728b)
Start importing Assets/Scripts/Explosion.cs using Guid(e76a63e9ffbf84e43a07630f5c0a64cc) Importer(815301076,1909f56bfc062723c751e8b465ee728b)  -> (artifact id: 'a5c7be0a77ac6bc1136fb5ec9c901360') in 0.002860 seconds
  Import took 0.005088 seconds .

========================================================================
Received Import Request.
  Time since last request: 0.020703 seconds.
  path: Assets/Scenes/MainScene.unity
  artifactKey: Guid(9fc0d4010bbf28b4594072e72b8655ab) Importer(815301076,1909f56bfc062723c751e8b465ee728b)
Start importing Assets/Scenes/MainScene.unity using Guid(9fc0d4010bbf28b4594072e72b8655ab) Importer(815301076,1909f56bfc062723c751e8b465ee728b)  -> (artifact id: '1397eec855f81fe322694f376c7e6db1') in 0.009763 seconds
  Import took 0.011645 seconds .

AssetImportWorkerClient::OnTransportError - code=2 error=End of file
